Log file open, 01/12/22 22:06:02
LogInit: Display: Running engine for game: ProjectOM
LogPlatformFile: Not using cached read wrapper
LogTaskGraph: Started task graph with 5 named threads and 47 total threads with 3 sets of task threads.
LogStats: Stats thread started at 5.320378
LogD3D11RHI: Loaded GFSDK_Aftermath_Lib.x64.dll
LogICUInternationalization: ICU TimeZone Detection - Raw Offset: +9:00, Platform Override: ''
LogPluginManager: Mounting plugin Paper2D
LogPluginManager: Mounting plugin AISupport
LogPluginManager: Mounting plugin LightPropagationVolume
LogPluginManager: Mounting plugin CameraShakePreviewer
LogPluginManager: Mounting plugin ActorLayerUtilities
LogPluginManager: Mounting plugin AnimationSharing
LogPluginManager: Mounting plugin CLionSourceCodeAccess
LogPluginManager: Mounting plugin CodeLiteSourceCodeAccess
LogPluginManager: Mounting plugin GitSourceControl
LogPluginManager: Mounting plugin KDevelopSourceCodeAccess
LogPluginManager: Mounting plugin NullSourceCodeAccess
LogPluginManager: Mounting plugin PerforceSourceControl
LogPluginManager: Mounting plugin PlasticSourceControl
LogPluginManager: Mounting plugin RiderSourceCodeAccess
LogPluginManager: Mounting plugin SubversionSourceControl
LogPluginManager: Mounting plugin UObjectPlugin
LogPluginManager: Mounting plugin VisualStudioCodeSourceCodeAccess
LogPluginManager: Mounting plugin VisualStudioSourceCodeAccess
LogPluginManager: Mounting plugin XCodeSourceCodeAccess
LogPluginManager: Mounting plugin AssetManagerEditor
LogPluginManager: Mounting plugin CryptoKeys
LogPluginManager: Mounting plugin CurveEditorTools
LogPluginManager: Mounting plugin DataValidation
LogPluginManager: Mounting plugin EditorScriptingUtilities
LogPluginManager: Mounting plugin FacialAnimation
LogPluginManager: Mounting plugin GameplayTagsEditor
LogPluginManager: Mounting plugin GeometryMode
LogPluginManager: Mounting plugin MacGraphicsSwitching
LogPluginManager: Mounting plugin MaterialAnalyzer
LogPluginManager: Mounting plugin MobileLauncherProfileWizard
LogPluginManager: Mounting plugin PluginBrowser
LogPluginManager: Mounting plugin SpeedTreeImporter
LogPluginManager: Mounting plugin DatasmithContent
LogPluginManager: Mounting plugin VariantManagerContent
LogPluginManager: Mounting plugin AlembicImporter
LogPluginManager: Mounting plugin AutomationUtils
LogPluginManager: Mounting plugin BackChannel
LogPluginManager: Mounting plugin ChaosCloth
LogPluginManager: Mounting plugin ChaosClothEditor
LogPluginManager: Mounting plugin ChaosEditor
LogPluginManager: Mounting plugin ChaosNiagara
LogPluginManager: Mounting plugin ChaosSolverPlugin
LogPluginManager: Mounting plugin CharacterAI
LogPluginManager: Mounting plugin GeometryCache
LogPluginManager: Mounting plugin GeometryCollectionPlugin
LogPluginManager: Mounting plugin GeometryProcessing
LogPluginManager: Mounting plugin PlanarCut
LogPluginManager: Mounting plugin PlatformCrypto
LogPluginManager: Mounting plugin ProxyLODPlugin
LogPluginManager: Mounting plugin SkeletalReduction
LogPluginManager: Mounting plugin Niagara
LogPluginManager: Mounting plugin MagicLeap
LogPluginManager: Mounting plugin MagicLeapLightEstimation
LogPluginManager: Mounting plugin MagicLeapMedia
LogPluginManager: Mounting plugin MagicLeapPassableWorld
LogPluginManager: Mounting plugin MLSDK
LogPluginManager: Mounting plugin AndroidMedia
LogPluginManager: Mounting plugin AvfMedia
LogPluginManager: Mounting plugin ImgMedia
LogPluginManager: Mounting plugin MediaCompositing
LogPluginManager: Mounting plugin MediaPlayerEditor
LogPluginManager: Mounting plugin WebMMedia
LogPluginManager: Mounting plugin WmfMedia
LogPluginManager: Mounting plugin MeshPainting
LogPluginManager: Mounting plugin TcpMessaging
LogPluginManager: Mounting plugin UdpMessaging
LogPluginManager: Mounting plugin ActorSequence
LogPluginManager: Mounting plugin LevelSequenceEditor
LogPluginManager: Mounting plugin MatineeToLevelSequence
LogPluginManager: Mounting plugin MovieRenderPipeline
LogPluginManager: Mounting plugin TemplateSequence
LogPluginManager: Mounting plugin NetcodeUnitTest
LogPluginManager: Mounting plugin NUTUnrealEngine4
LogPluginManager: Mounting plugin OnlineSubsystemGooglePlay
LogPluginManager: Mounting plugin OnlineSubsystemIOS
LogPluginManager: Mounting plugin OnlineSubsystem
LogPluginManager: Mounting plugin OnlineSubsystemNull
LogPluginManager: Mounting plugin OnlineSubsystemUtils
LogPluginManager: Mounting plugin LauncherChunkInstaller
LogPluginManager: Mounting plugin AndroidDeviceProfileSelector
LogPluginManager: Mounting plugin AndroidMoviePlayer
LogPluginManager: Mounting plugin AndroidPermission
LogPluginManager: Mounting plugin AppleImageUtils
LogPluginManager: Mounting plugin AppleMoviePlayer
LogPluginManager: Mounting plugin ArchVisCharacter
LogPluginManager: Mounting plugin AssetTags
LogPluginManager: Mounting plugin AudioCapture
LogPluginManager: Mounting plugin CableComponent
LogPluginManager: Mounting plugin CustomMeshComponent
LogPluginManager: Mounting plugin EditableMesh
LogPluginManager: Mounting plugin ExampleDeviceProfileSelector
LogPluginManager: Mounting plugin GoogleCloudMessaging
LogPluginManager: Mounting plugin GooglePAD
LogPluginManager: Mounting plugin IOSDeviceProfileSelector
LogPluginManager: Mounting plugin LinuxDeviceProfileSelector
LogPluginManager: Mounting plugin LocationServicesBPLibrary
LogPluginManager: Mounting plugin MobilePatchingUtils
LogPluginManager: Mounting plugin OculusVR
LogPluginManager: Mounting plugin PhysXVehicles
LogPluginManager: Mounting plugin PostSplashScreen
LogPluginManager: Mounting plugin ProceduralMeshComponent
LogPluginManager: Mounting plugin RuntimePhysXCooking
LogPluginManager: Mounting plugin SignificanceManager
LogPluginManager: Mounting plugin SoundFields
LogPluginManager: Mounting plugin SteamVR
LogPluginManager: Mounting plugin Synthesis
LogPluginManager: Mounting plugin WebMMoviePlayer
LogPluginManager: Mounting plugin WindowsMoviePlayer
LogPluginManager: Mounting plugin ScreenshotTools
LogInit: Using libcurl 7.55.1-DEV
LogInit:  - built for x86_64-pc-win32
LogInit:  - supports SSL with OpenSSL/1.1.1
LogInit:  - supports HTTP deflate (compression) using libz 1.2.8
LogInit:  - other features:
LogInit:      CURL_VERSION_SSL
LogInit:      CURL_VERSION_LIBZ
LogInit:      CURL_VERSION_IPV6
LogInit:      CURL_VERSION_ASYNCHDNS
LogInit:      CURL_VERSION_LARGEFILE
LogInit:      CURL_VERSION_IDN
LogInit:  CurlRequestOptions (configurable via config and command line):
LogInit:  - bVerifyPeer = true  - Libcurl will verify peer certificate
LogInit:  - bUseHttpProxy = false  - Libcurl will NOT use HTTP proxy
LogInit:  - bDontReuseConnections = false  - Libcurl will reuse connections
LogInit:  - MaxHostConnections = 16  - Libcurl will limit the number of connections to a host
LogInit:  - LocalHostAddr = Default
LogInit:  - BufferSize = 65536
LogOnline: OSS: Creating online subsystem instance for: NULL
LogInit: WinSock: version 1.1 (2.2), MaxSocks=32767, MaxUdp=65467
LogOnline: OSS: TryLoadSubsystemAndSetDefault: Loaded subsystem for module [NULL]
LogInit: Build: ++UE4+Release-4.25-CL-14469661
LogInit: Engine Version: 4.25.4-14469661+++UE4+Release-4.25
LogInit: Compatible Engine Version: 4.25.0-13144385+++UE4+Release-4.25
LogInit: Net CL: 13144385
LogInit: OS: Windows 10 (Release 2004) (), CPU: AMD Ryzen 7 2700X Eight-Core Processor         , GPU: NVIDIA GeForce RTX 2080
LogInit: Compiled (64-bit): Oct 11 2020 08:10:49
LogInit: Compiled with Visual C++: 19.24.28315.00
LogInit: Build Configuration: Development
LogInit: Branch Name: ++UE4+Release-4.25
LogInit: Command Line: 
LogInit: Base Directory: D:/Program/Unreal/UE_4.25/Engine/Binaries/Win64/
LogInit: Allocator: TBB
LogInit: Installed Engine Build: 1
LogDevObjectVersion: Number of dev versions registered: 26
LogDevObjectVersion:   Dev-Blueprints (B0D832E4-1F89-4F0D-ACCF-7EB736FD4AA2): 10
LogDevObjectVersion:   Dev-Build (E1C64328-A22C-4D53-A36C-8E866417BD8C): 0
LogDevObjectVersion:   Dev-Core (375EC13C-06E4-48FB-B500-84F0262A717E): 4
LogDevObjectVersion:   Dev-Editor (E4B068ED-F494-42E9-A231-DA0B2E46BB41): 38
LogDevObjectVersion:   Dev-Framework (CFFC743F-43B0-4480-9391-14DF171D2073): 37
LogDevObjectVersion:   Dev-Mobile (B02B49B5-BB20-44E9-A304-32B752E40360): 2
LogDevObjectVersion:   Dev-Networking (A4E4105C-59A1-49B5-A7C5-40C4547EDFEE): 0
LogDevObjectVersion:   Dev-Online (39C831C9-5AE6-47DC-9A44-9C173E1C8E7C): 0
LogDevObjectVersion:   Dev-Physics (78F01B33-EBEA-4F98-B9B4-84EACCB95AA2): 4
LogDevObjectVersion:   Dev-Platform (6631380F-2D4D-43E0-8009-CF276956A95A): 0
LogDevObjectVersion:   Dev-Rendering (12F88B9F-8875-4AFC-A67C-D90C383ABD29): 43
LogDevObjectVersion:   Dev-Sequencer (7B5AE74C-D270-4C10-A958-57980B212A5A): 12
LogDevObjectVersion:   Dev-VR (D7296918-1DD6-4BDD-9DE2-64A83CC13884): 3
LogDevObjectVersion:   Dev-LoadTimes (C2A15278-BFE7-4AFE-6C17-90FF531DF755): 1
LogDevObjectVersion:   Private-Geometry (6EACA3D4-40EC-4CC1-B786-8BED09428FC5): 3
LogDevObjectVersion:   Dev-AnimPhys (29E575DD-E0A3-4627-9D10-D276232CDCEA): 17
LogDevObjectVersion:   Dev-Anim (AF43A65D-7FD3-4947-9873-3E8ED9C1BB05): 7
LogDevObjectVersion:   Dev-ReflectionCapture (6B266CEC-1EC7-4B8F-A30B-E4D90942FC07): 1
LogDevObjectVersion:   Dev-Automation (0DF73D61-A23F-47EA-B727-89E90C41499A): 1
LogDevObjectVersion:   FortniteMain (601D1886-AC64-4F84-AA16-D3DE0DEAC7D6): 31
LogDevObjectVersion:   Dev-Enterprise (9DFFBCD6-494F-0158-E221-12823C92A888): 10
LogDevObjectVersion:   Dev-Niagara (F2AED0AC-9AFE-416F-8664-AA7FFA26D6FC): 1
LogDevObjectVersion:   Dev-Destruction (174F1F0B-B4C6-45A5-B13F-2EE8D0FB917D): 10
LogDevObjectVersion:   Dev-Physics-Ext (35F94A83-E258-406C-A318-09F59610247C): 37
LogDevObjectVersion:   Dev-PhysicsMaterial-Chaos (B68FC16E-8B1B-42E2-B453-215C058844FE): 1
LogDevObjectVersion:   Dev-CineCamera (B2E18506-4273-CFC2-A54E-F4BB758BBA07): 1
LogInit: Presizing for max 25165824 objects, including 0 objects not considered by GC, pre-allocating 0 bytes for permanent pool.
LogConfig: Applying CVar settings from Section [/Script/Engine.StreamingSettings] File [D:/00_Project/Project_OM/Project_OM/ProjectOM/Saved/Config/Windows/Engine.ini]
LogConfig: Setting CVar [[s.MinBulkDataSizeForAsyncLoading:131072]]
LogConfig: Setting CVar [[s.AsyncLoadingThreadEnabled:0]]
LogConfig: Setting CVar [[s.EventDrivenLoaderEnabled:1]]
LogConfig: Setting CVar [[s.WarnIfTimeLimitExceeded:0]]
LogConfig: Setting CVar [[s.TimeLimitExceededMultiplier:1.5]]
LogConfig: Setting CVar [[s.TimeLimitExceededMinTime:0.005]]
LogConfig: Setting CVar [[s.UseBackgroundLevelStreaming:1]]
LogConfig: Setting CVar [[s.PriorityAsyncLoadingExtraTime:15.0]]
LogConfig: Setting CVar [[s.LevelStreamingActorsUpdateTimeLimit:5.0]]
LogConfig: Setting CVar [[s.PriorityLevelStreamingActorsUpdateExtraTime:5.0]]
LogConfig: Setting CVar [[s.LevelStreamingComponentsRegistrationGranularity:10]]
LogConfig: Setting CVar [[s.UnregisterComponentsTimeLimit:1.0]]
LogConfig: Setting CVar [[s.LevelStreamingComponentsUnregistrationGranularity:5]]
LogConfig: Setting CVar [[s.FlushStreamingOnExit:1]]
LogInit: Object subsystem initialized
LogConfig: Setting CVar [[con.DebugEarlyDefault:1]]
LogConfig: Setting CVar [[r.setres:1280x720]]
[2022.01.12-13.06.05:360][  0]LogConfig: Setting CVar [[r.VSync:0]]
[2022.01.12-13.06.05:360][  0]LogConfig: Setting CVar [[r.RHICmdBypass:0]]
[2022.01.12-13.06.05:361][  0]LogConfig: Applying CVar settings from Section [/Script/Engine.RendererSettings] File [D:/00_Project/Project_OM/Project_OM/ProjectOM/Saved/Config/Windows/Engine.ini]
[2022.01.12-13.06.05:361][  0]LogConfig: Setting CVar [[r.GPUCrashDebugging:0]]
[2022.01.12-13.06.05:361][  0]LogConfig: Applying CVar settings from Section [/Script/Engine.RendererOverrideSettings] File [D:/00_Project/Project_OM/Project_OM/ProjectOM/Saved/Config/Windows/Engine.ini]
[2022.01.12-13.06.05:361][  0]LogConfig: Applying CVar settings from Section [/Script/Engine.StreamingSettings] File [D:/00_Project/Project_OM/Project_OM/ProjectOM/Saved/Config/Windows/Engine.ini]
[2022.01.12-13.06.05:361][  0]LogConfig: Setting CVar [[s.MinBulkDataSizeForAsyncLoading:131072]]
[2022.01.12-13.06.05:361][  0]LogConfig: Setting CVar [[s.AsyncLoadingThreadEnabled:0]]
[2022.01.12-13.06.05:361][  0]LogConfig: Setting CVar [[s.EventDrivenLoaderEnabled:1]]
[2022.01.12-13.06.05:361][  0]LogConfig: Setting CVar [[s.WarnIfTimeLimitExceeded:0]]
[2022.01.12-13.06.05:361][  0]LogConfig: Setting CVar [[s.TimeLimitExceededMultiplier:1.5]]
[2022.01.12-13.06.05:361][  0]LogConfig: Setting CVar [[s.TimeLimitExceededMinTime:0.005]]
[2022.01.12-13.06.05:361][  0]LogConfig: Setting CVar [[s.UseBackgroundLevelStreaming:1]]
[2022.01.12-13.06.05:361][  0]LogConfig: Setting CVar [[s.PriorityAsyncLoadingExtraTime:15.0]]
[2022.01.12-13.06.05:361][  0]LogConfig: Setting CVar [[s.LevelStreamingActorsUpdateTimeLimit:5.0]]
[2022.01.12-13.06.05:361][  0]LogConfig: Setting CVar [[s.PriorityLevelStreamingActorsUpdateExtraTime:5.0]]
[2022.01.12-13.06.05:361][  0]LogConfig: Setting CVar [[s.LevelStreamingComponentsRegistrationGranularity:10]]
[2022.01.12-13.06.05:361][  0]LogConfig: Setting CVar [[s.UnregisterComponentsTimeLimit:1.0]]
[2022.01.12-13.06.05:361][  0]LogConfig: Setting CVar [[s.LevelStreamingComponentsUnregistrationGranularity:5]]
[2022.01.12-13.06.05:361][  0]LogConfig: Setting CVar [[s.FlushStreamingOnExit:1]]
[2022.01.12-13.06.05:361][  0]LogConfig: Applying CVar settings from Section [/Script/Engine.GarbageCollectionSettings] File [D:/00_Project/Project_OM/Project_OM/ProjectOM/Saved/Config/Windows/Engine.ini]
[2022.01.12-13.06.05:361][  0]LogConfig: Setting CVar [[gc.MaxObjectsNotConsideredByGC:1]]
[2022.01.12-13.06.05:361][  0]LogConfig: Setting CVar [[gc.SizeOfPermanentObjectPool:0]]
[2022.01.12-13.06.05:361][  0]LogConfig: Setting CVar [[gc.FlushStreamingOnGC:0]]
[2022.01.12-13.06.05:361][  0]LogConfig: Setting CVar [[gc.NumRetriesBeforeForcingGC:10]]
[2022.01.12-13.06.05:361][  0]LogConfig: Setting CVar [[gc.AllowParallelGC:1]]
[2022.01.12-13.06.05:361][  0]LogConfig: Setting CVar [[gc.TimeBetweenPurgingPendingKillObjects:61.1]]
[2022.01.12-13.06.05:361][  0]LogConfig: Setting CVar [[gc.MaxObjectsInEditor:25165824]]
[2022.01.12-13.06.05:361][  0]LogConfig: Setting CVar [[gc.IncrementalBeginDestroyEnabled:1]]
[2022.01.12-13.06.05:361][  0]LogConfig: Setting CVar [[gc.CreateGCClusters:1]]
[2022.01.12-13.06.05:361][  0]LogConfig: Setting CVar [[gc.MinGCClusterSize:5]]
[2022.01.12-13.06.05:361][  0]LogConfig: Setting CVar [[gc.ActorClusteringEnabled:0]]
[2022.01.12-13.06.05:361][  0]LogConfig: Setting CVar [[gc.BlueprintClusteringEnabled:0]]
[2022.01.12-13.06.05:361][  0]LogConfig: Setting CVar [[gc.UseDisregardForGCOnDedicatedServers:0]]
[2022.01.12-13.06.05:361][  0]LogConfig: Applying CVar settings from Section [/Script/Engine.NetworkSettings] File [D:/00_Project/Project_OM/Project_OM/ProjectOM/Saved/Config/Windows/Engine.ini]
[2022.01.12-13.06.05:361][  0]LogConfig: Applying CVar settings from Section [/Script/UnrealEd.CookerSettings] File [D:/00_Project/Project_OM/Project_OM/ProjectOM/Saved/Config/Windows/Engine.ini]
[2022.01.12-13.06.05:425][  0]LogConfig: Applying CVar settings from Section [ViewDistanceQuality@3] File [D:/00_Project/Project_OM/Project_OM/ProjectOM/Saved/Config/Windows/Scalability.ini]
[2022.01.12-13.06.05:425][  0]LogConfig: Setting CVar [[r.SkeletalMeshLODBias:0]]
[2022.01.12-13.06.05:425][  0]LogConfig: Setting CVar [[r.ViewDistanceScale:1.0]]
[2022.01.12-13.06.05:425][  0]LogConfig: Applying CVar settings from Section [AntiAliasingQuality@3] File [D:/00_Project/Project_OM/Project_OM/ProjectOM/Saved/Config/Windows/Scalability.ini]
[2022.01.12-13.06.05:426][  0]LogConfig: Setting CVar [[r.PostProcessAAQuality:4]]
[2022.01.12-13.06.05:426][  0]LogConfig: Applying CVar settings from Section [ShadowQuality@3] File [D:/00_Project/Project_OM/Project_OM/ProjectOM/Saved/Config/Windows/Scalability.ini]
[2022.01.12-13.06.05:426][  0]LogConfig: Setting CVar [[r.LightFunctionQuality:1]]
[2022.01.12-13.06.05:426][  0]LogConfig: Setting CVar [[r.ShadowQuality:5]]
[2022.01.12-13.06.05:426][  0]LogConfig: Setting CVar [[r.Shadow.CSM.MaxCascades:10]]
[2022.01.12-13.06.05:426][  0]LogConfig: Setting CVar [[r.Shadow.MaxResolution:2048]]
[2022.01.12-13.06.05:426][  0]LogConfig: Setting CVar [[r.Shadow.MaxCSMResolution:2048]]
[2022.01.12-13.06.05:426][  0]LogConfig: Setting CVar [[r.Shadow.RadiusThreshold:0.01]]
[2022.01.12-13.06.05:426][  0]LogConfig: Setting CVar [[r.Shadow.DistanceScale:1.0]]
[2022.01.12-13.06.05:426][  0]LogConfig: Setting CVar [[r.Shadow.CSM.TransitionScale:1.0]]
[2022.01.12-13.06.05:426][  0]LogConfig: Setting CVar [[r.Shadow.PreShadowResolutionFactor:1.0]]
[2022.01.12-13.06.05:426][  0]LogConfig: Setting CVar [[r.DistanceFieldShadowing:1]]
[2022.01.12-13.06.05:426][  0]LogConfig: Setting CVar [[r.DistanceFieldAO:1]]
[2022.01.12-13.06.05:426][  0]LogConfig: Setting CVar [[r.AOQuality:2]]
[2022.01.12-13.06.05:426][  0]LogConfig: Setting CVar [[r.VolumetricFog:1]]
[2022.01.12-13.06.05:426][  0]LogConfig: Setting CVar [[r.VolumetricFog.GridPixelSize:8]]
[2022.01.12-13.06.05:426][  0]LogConfig: Setting CVar [[r.VolumetricFog.GridSizeZ:128]]
[2022.01.12-13.06.05:426][  0]LogConfig: Setting CVar [[r.VolumetricFog.HistoryMissSupersampleCount:4]]
[2022.01.12-13.06.05:426][  0]LogConfig: Setting CVar [[r.LightMaxDrawDistanceScale:1]]
[2022.01.12-13.06.05:426][  0]LogConfig: Setting CVar [[r.CapsuleShadows:1]]
[2022.01.12-13.06.05:426][  0]LogConfig: Applying CVar settings from Section [PostProcessQuality@3] File [D:/00_Project/Project_OM/Project_OM/ProjectOM/Saved/Config/Windows/Scalability.ini]
[2022.01.12-13.06.05:426][  0]LogConfig: Setting CVar [[r.MotionBlurQuality:4]]
[2022.01.12-13.06.05:426][  0]LogConfig: Setting CVar [[r.AmbientOcclusionMipLevelFactor:0.4]]
[2022.01.12-13.06.05:426][  0]LogConfig: Setting CVar [[r.AmbientOcclusionMaxQuality:100]]
[2022.01.12-13.06.05:426][  0]LogConfig: Setting CVar [[r.AmbientOcclusionLevels:-1]]
[2022.01.12-13.06.05:426][  0]LogConfig: Setting CVar [[r.AmbientOcclusionRadiusScale:1.0]]
[2022.01.12-13.06.05:426][  0]LogConfig: Setting CVar [[r.DepthOfFieldQuality:2]]
[2022.01.12-13.06.05:426][  0]LogConfig: Setting CVar [[r.RenderTargetPoolMin:400]]
[2022.01.12-13.06.05:426][  0]LogConfig: Setting CVar [[r.LensFlareQuality:2]]
[2022.01.12-13.06.05:426][  0]LogConfig: Setting CVar [[r.SceneColorFringeQuality:1]]
[2022.01.12-13.06.05:426][  0]LogConfig: Setting CVar [[r.EyeAdaptationQuality:2]]
[2022.01.12-13.06.05:426][  0]LogConfig: Setting CVar [[r.BloomQuality:5]]
[2022.01.12-13.06.05:426][  0]LogConfig: Setting CVar [[r.FastBlurThreshold:100]]
[2022.01.12-13.06.05:426][  0]LogConfig: Setting CVar [[r.Upscale.Quality:3]]
[2022.01.12-13.06.05:426][  0]LogConfig: Setting CVar [[r.Tonemapper.GrainQuantization:1]]
[2022.01.12-13.06.05:426][  0]LogConfig: Setting CVar [[r.LightShaftQuality:1]]
[2022.01.12-13.06.05:426][  0]LogConfig: Setting CVar [[r.Filter.SizeScale:1]]
[2022.01.12-13.06.05:426][  0]LogConfig: Setting CVar [[r.Tonemapper.Quality:5]]
[2022.01.12-13.06.05:426][  0]LogConfig: Setting CVar [[r.DOF.Gather.AccumulatorQuality:1        ; higher gathering accumulator quality]]
[2022.01.12-13.06.05:426][  0]LogConfig: Setting CVar [[r.DOF.Gather.PostfilterMethod:1          ; Median3x3 postfilering method]]
[2022.01.12-13.06.05:426][  0]LogConfig: Setting CVar [[r.DOF.Gather.EnableBokehSettings:0       ; no bokeh simulation when gathering]]
[2022.01.12-13.06.05:426][  0]LogConfig: Setting CVar [[r.DOF.Gather.RingCount:4                 ; medium number of samples when gathering]]
[2022.01.12-13.06.05:426][  0]LogConfig: Setting CVar [[r.DOF.Scatter.ForegroundCompositing:1    ; additive foreground scattering]]
[2022.01.12-13.06.05:426][  0]LogConfig: Setting CVar [[r.DOF.Scatter.BackgroundCompositing:2    ; additive background scattering]]
[2022.01.12-13.06.05:426][  0]LogConfig: Setting CVar [[r.DOF.Scatter.EnableBokehSettings:1      ; bokeh simulation when scattering]]
[2022.01.12-13.06.05:426][  0]LogConfig: Setting CVar [[r.DOF.Scatter.MaxSpriteRatio:0.1         ; only a maximum of 10% of scattered bokeh]]
[2022.01.12-13.06.05:426][  0]LogConfig: Setting CVar [[r.DOF.Recombine.Quality:1                ; cheap slight out of focus]]
[2022.01.12-13.06.05:426][  0]LogConfig: Setting CVar [[r.DOF.Recombine.EnableBokehSettings:0    ; no bokeh simulation on slight out of focus]]
[2022.01.12-13.06.05:426][  0]LogConfig: Setting CVar [[r.DOF.TemporalAAQuality:1                ; more stable temporal accumulation]]
[2022.01.12-13.06.05:426][  0]LogConfig: Setting CVar [[r.DOF.Kernel.MaxForegroundRadius:0.025]]
[2022.01.12-13.06.05:426][  0]LogConfig: Setting CVar [[r.DOF.Kernel.MaxBackgroundRadius:0.025]]
[2022.01.12-13.06.05:426][  0]LogConfig: Applying CVar settings from Section [TextureQuality@3] File [D:/00_Project/Project_OM/Project_OM/ProjectOM/Saved/Config/Windows/Scalability.ini]
[2022.01.12-13.06.05:426][  0]LogConfig: Setting CVar [[r.Streaming.MipBias:0]]
[2022.01.12-13.06.05:426][  0]LogConfig: Setting CVar [[r.Streaming.AmortizeCPUToGPUCopy:0]]
[2022.01.12-13.06.05:426][  0]LogConfig: Setting CVar [[r.Streaming.MaxNumTexturesToStreamPerFrame:0]]
[2022.01.12-13.06.05:426][  0]LogConfig: Setting CVar [[r.Streaming.Boost:1]]
[2022.01.12-13.06.05:426][  0]LogConfig: Setting CVar [[r.MaxAnisotropy:8]]
[2022.01.12-13.06.05:426][  0]LogConfig: Setting CVar [[r.VT.MaxAnisotropy:8]]
[2022.01.12-13.06.05:426][  0]LogConfig: Setting CVar [[r.Streaming.LimitPoolSizeToVRAM:0]]
[2022.01.12-13.06.05:426][  0]LogConfig: Setting CVar [[r.Streaming.PoolSize:1000]]
[2022.01.12-13.06.05:426][  0]LogConfig: Setting CVar [[r.Streaming.MaxEffectiveScreenSize:0]]
[2022.01.12-13.06.05:426][  0]LogConfig: Applying CVar settings from Section [EffectsQuality@3] File [D:/00_Project/Project_OM/Project_OM/ProjectOM/Saved/Config/Windows/Scalability.ini]
[2022.01.12-13.06.05:426][  0]LogConfig: Setting CVar [[r.TranslucencyLightingVolumeDim:64]]
[2022.01.12-13.06.05:426][  0]LogConfig: Setting CVar [[r.RefractionQuality:2]]
[2022.01.12-13.06.05:426][  0]LogConfig: Setting CVar [[r.SSR.Quality:3]]
[2022.01.12-13.06.05:426][  0]LogConfig: Setting CVar [[r.SSR.HalfResSceneColor:0]]
[2022.01.12-13.06.05:426][  0]LogConfig: Setting CVar [[r.SceneColorFormat:4]]
[2022.01.12-13.06.05:426][  0]LogConfig: Setting CVar [[r.DetailMode:2]]
[2022.01.12-13.06.05:426][  0]LogConfig: Setting CVar [[r.TranslucencyVolumeBlur:1]]
[2022.01.12-13.06.05:427][  0]LogConfig: Setting CVar [[r.MaterialQualityLevel:1 ; High quality]]
[2022.01.12-13.06.05:427][  0]LogConfig: Setting CVar [[r.SSS.Scale:1]]
[2022.01.12-13.06.05:427][  0]LogConfig: Setting CVar [[r.SSS.SampleSet:2]]
[2022.01.12-13.06.05:427][  0]LogConfig: Setting CVar [[r.SSS.Quality:1]]
[2022.01.12-13.06.05:427][  0]LogConfig: Setting CVar [[r.SSS.HalfRes:0]]
[2022.01.12-13.06.05:427][  0]LogConfig: Setting CVar [[r.SSGI.Quality:3]]
[2022.01.12-13.06.05:427][  0]LogConfig: Setting CVar [[r.EmitterSpawnRateScale:1.0]]
[2022.01.12-13.06.05:427][  0]LogConfig: Setting CVar [[r.ParticleLightQuality:2]]
[2022.01.12-13.06.05:427][  0]LogConfig: Setting CVar [[r.SkyAtmosphere.AerialPerspectiveLUT.FastApplyOnOpaque:1 ; Always have FastSkyLUT 1 in this case to avoid wrong sky]]
[2022.01.12-13.06.05:427][  0]LogConfig: Setting CVar [[r.SkyAtmosphere.AerialPerspectiveLUT.SampleCountPerSlice:1]]
[2022.01.12-13.06.05:427][  0]LogConfig: Setting CVar [[r.SkyAtmosphere.AerialPerspectiveLUT.DepthResolution:16.0]]
[2022.01.12-13.06.05:427][  0]LogConfig: Setting CVar [[r.SkyAtmosphere.FastSkyLUT:1]]
[2022.01.12-13.06.05:427][  0]LogConfig: Setting CVar [[r.SkyAtmosphere.FastSkyLUT.SampleCountMin:4.0]]
[2022.01.12-13.06.05:427][  0]LogConfig: Setting CVar [[r.SkyAtmosphere.FastSkyLUT.SampleCountMax:32.0]]
[2022.01.12-13.06.05:427][  0]LogConfig: Setting CVar [[r.SkyAtmosphere.SampleCountMin:4.0]]
[2022.01.12-13.06.05:427][  0]LogConfig: Setting CVar [[r.SkyAtmosphere.SampleCountMax:32.0]]
[2022.01.12-13.06.05:427][  0]LogConfig: Setting CVar [[r.SkyAtmosphere.TransmittanceLUT.UseSmallFormat:0]]
[2022.01.12-13.06.05:427][  0]LogConfig: Setting CVar [[r.SkyAtmosphere.TransmittanceLUT.SampleCount:10.0]]
[2022.01.12-13.06.05:427][  0]LogConfig: Setting CVar [[r.SkyAtmosphere.MultiScatteringLUT.SampleCount:15.0]]
[2022.01.12-13.06.05:427][  0]LogConfig: Applying CVar settings from Section [FoliageQuality@3] File [D:/00_Project/Project_OM/Project_OM/ProjectOM/Saved/Config/Windows/Scalability.ini]
[2022.01.12-13.06.05:427][  0]LogConfig: Setting CVar [[foliage.DensityScale:1.0]]
[2022.01.12-13.06.05:427][  0]LogConfig: Setting CVar [[grass.DensityScale:1.0]]
[2022.01.12-13.06.05:427][  0]LogConfig: Applying CVar settings from Section [ShadingQuality@3] File [D:/00_Project/Project_OM/Project_OM/ProjectOM/Saved/Config/Windows/Scalability.ini]
[2022.01.12-13.06.05:427][  0]LogConfig: Setting CVar [[r.HairStrands.SkyLighting.SampleCount:16]]
[2022.01.12-13.06.05:427][  0]LogConfig: Setting CVar [[r.HairStrands.SkyLighting.JitterIntegration:0]]
[2022.01.12-13.06.05:427][  0]LogConfig: Setting CVar [[r.HairStrands.SkyAO.SampleCount:16]]
[2022.01.12-13.06.05:427][  0]LogConfig: Setting CVar [[r.HairStrands.DeepShadow.SuperSampling:0]]
[2022.01.12-13.06.05:427][  0]LogConfig: Setting CVar [[r.HairStrands.VisibilityPPLL:0]]
[2022.01.12-13.06.05:427][  0]LogConfig: Setting CVar [[r.HairStrands.RasterizationScale:0.5]]
[2022.01.12-13.06.05:427][  0]LogConfig: Setting CVar [[r.HairStrands.VelocityRasterizationScale:1]]
[2022.01.12-13.06.05:436][  0]LogInit: Selected Device Profile: [Windows]
[2022.01.12-13.06.05:436][  0]LogInit: Applying CVar settings loaded from the selected device profile: [Windows]
[2022.01.12-13.06.05:458][  0]LogHAL: Display: Platform has ~ 32 GB [34301509632 / 34359738368 / 32], which maps to Largest [LargestMinGB=32, LargerMinGB=12, DefaultMinGB=8, SmallerMinGB=6, SmallestMinGB=0)
[2022.01.12-13.06.05:458][  0]LogInit: Going up to parent DeviceProfile []
[2022.01.12-13.06.05:459][  0]LogConfig: Applying CVar settings from Section [ViewDistanceQuality@3] File [D:/00_Project/Project_OM/Project_OM/ProjectOM/Saved/Config/Windows/Scalability.ini]
[2022.01.12-13.06.05:459][  0]LogConfig: Setting CVar [[r.SkeletalMeshLODBias:0]]
[2022.01.12-13.06.05:459][  0]LogConfig: Setting CVar [[r.ViewDistanceScale:1.0]]
[2022.01.12-13.06.05:459][  0]LogConfig: Applying CVar settings from Section [AntiAliasingQuality@3] File [D:/00_Project/Project_OM/Project_OM/ProjectOM/Saved/Config/Windows/Scalability.ini]
[2022.01.12-13.06.05:459][  0]LogConfig: Setting CVar [[r.PostProcessAAQuality:4]]
[2022.01.12-13.06.05:459][  0]LogConfig: Applying CVar settings from Section [ShadowQuality@3] File [D:/00_Project/Project_OM/Project_OM/ProjectOM/Saved/Config/Windows/Scalability.ini]
[2022.01.12-13.06.05:459][  0]LogConfig: Setting CVar [[r.LightFunctionQuality:1]]
[2022.01.12-13.06.05:459][  0]LogConfig: Setting CVar [[r.ShadowQuality:5]]
[2022.01.12-13.06.05:459][  0]LogConfig: Setting CVar [[r.Shadow.CSM.MaxCascades:10]]
[2022.01.12-13.06.05:459][  0]LogConfig: Setting CVar [[r.Shadow.MaxResolution:2048]]
[2022.01.12-13.06.05:459][  0]LogConfig: Setting CVar [[r.Shadow.MaxCSMResolution:2048]]
[2022.01.12-13.06.05:459][  0]LogConfig: Setting CVar [[r.Shadow.RadiusThreshold:0.01]]
[2022.01.12-13.06.05:459][  0]LogConfig: Setting CVar [[r.Shadow.DistanceScale:1.0]]
[2022.01.12-13.06.05:459][  0]LogConfig: Setting CVar [[r.Shadow.CSM.TransitionScale:1.0]]
[2022.01.12-13.06.05:459][  0]LogConfig: Setting CVar [[r.Shadow.PreShadowResolutionFactor:1.0]]
[2022.01.12-13.06.05:459][  0]LogConfig: Setting CVar [[r.DistanceFieldShadowing:1]]
[2022.01.12-13.06.05:459][  0]LogConfig: Setting CVar [[r.DistanceFieldAO:1]]
[2022.01.12-13.06.05:459][  0]LogConfig: Setting CVar [[r.AOQuality:2]]
[2022.01.12-13.06.05:459][  0]LogConfig: Setting CVar [[r.VolumetricFog:1]]
[2022.01.12-13.06.05:459][  0]LogConfig: Setting CVar [[r.VolumetricFog.GridPixelSize:8]]
[2022.01.12-13.06.05:459][  0]LogConfig: Setting CVar [[r.VolumetricFog.GridSizeZ:128]]
[2022.01.12-13.06.05:459][  0]LogConfig: Setting CVar [[r.VolumetricFog.HistoryMissSupersampleCount:4]]
[2022.01.12-13.06.05:459][  0]LogConfig: Setting CVar [[r.LightMaxDrawDistanceScale:1]]
[2022.01.12-13.06.05:459][  0]LogConfig: Setting CVar [[r.CapsuleShadows:1]]
[2022.01.12-13.06.05:459][  0]LogConfig: Applying CVar settings from Section [PostProcessQuality@3] File [D:/00_Project/Project_OM/Project_OM/ProjectOM/Saved/Config/Windows/Scalability.ini]
[2022.01.12-13.06.05:459][  0]LogConfig: Setting CVar [[r.MotionBlurQuality:4]]
[2022.01.12-13.06.05:459][  0]LogConfig: Setting CVar [[r.AmbientOcclusionMipLevelFactor:0.4]]
[2022.01.12-13.06.05:459][  0]LogConfig: Setting CVar [[r.AmbientOcclusionMaxQuality:100]]
[2022.01.12-13.06.05:459][  0]LogConfig: Setting CVar [[r.AmbientOcclusionLevels:-1]]
[2022.01.12-13.06.05:459][  0]LogConfig: Setting CVar [[r.AmbientOcclusionRadiusScale:1.0]]
[2022.01.12-13.06.05:459][  0]LogConfig: Setting CVar [[r.DepthOfFieldQuality:2]]
[2022.01.12-13.06.05:459][  0]LogConfig: Setting CVar [[r.RenderTargetPoolMin:400]]
[2022.01.12-13.06.05:459][  0]LogConfig: Setting CVar [[r.LensFlareQuality:2]]
[2022.01.12-13.06.05:459][  0]LogConfig: Setting CVar [[r.SceneColorFringeQuality:1]]
[2022.01.12-13.06.05:459][  0]LogConfig: Setting CVar [[r.EyeAdaptationQuality:2]]
[2022.01.12-13.06.05:459][  0]LogConfig: Setting CVar [[r.BloomQuality:5]]
[2022.01.12-13.06.05:459][  0]LogConfig: Setting CVar [[r.FastBlurThreshold:100]]
[2022.01.12-13.06.05:459][  0]LogConfig: Setting CVar [[r.Upscale.Quality:3]]
[2022.01.12-13.06.05:459][  0]LogConfig: Setting CVar [[r.Tonemapper.GrainQuantization:1]]
[2022.01.12-13.06.05:459][  0]LogConfig: Setting CVar [[r.LightShaftQuality:1]]
[2022.01.12-13.06.05:459][  0]LogConfig: Setting CVar [[r.Filter.SizeScale:1]]
[2022.01.12-13.06.05:459][  0]LogConfig: Setting CVar [[r.Tonemapper.Quality:5]]
[2022.01.12-13.06.05:459][  0]LogConfig: Setting CVar [[r.DOF.Gather.AccumulatorQuality:1        ; higher gathering accumulator quality]]
[2022.01.12-13.06.05:459][  0]LogConfig: Setting CVar [[r.DOF.Gather.PostfilterMethod:1          ; Median3x3 postfilering method]]
[2022.01.12-13.06.05:459][  0]LogConfig: Setting CVar [[r.DOF.Gather.EnableBokehSettings:0       ; no bokeh simulation when gathering]]
[2022.01.12-13.06.05:459][  0]LogConfig: Setting CVar [[r.DOF.Gather.RingCount:4                 ; medium number of samples when gathering]]
[2022.01.12-13.06.05:459][  0]LogConfig: Setting CVar [[r.DOF.Scatter.ForegroundCompositing:1    ; additive foreground scattering]]
[2022.01.12-13.06.05:459][  0]LogConfig: Setting CVar [[r.DOF.Scatter.BackgroundCompositing:2    ; additive background scattering]]
[2022.01.12-13.06.05:459][  0]LogConfig: Setting CVar [[r.DOF.Scatter.EnableBokehSettings:1      ; bokeh simulation when scattering]]
[2022.01.12-13.06.05:459][  0]LogConfig: Setting CVar [[r.DOF.Scatter.MaxSpriteRatio:0.1         ; only a maximum of 10% of scattered bokeh]]
[2022.01.12-13.06.05:459][  0]LogConfig: Setting CVar [[r.DOF.Recombine.Quality:1                ; cheap slight out of focus]]
[2022.01.12-13.06.05:459][  0]LogConfig: Setting CVar [[r.DOF.Recombine.EnableBokehSettings:0    ; no bokeh simulation on slight out of focus]]
[2022.01.12-13.06.05:459][  0]LogConfig: Setting CVar [[r.DOF.TemporalAAQuality:1                ; more stable temporal accumulation]]
[2022.01.12-13.06.05:459][  0]LogConfig: Setting CVar [[r.DOF.Kernel.MaxForegroundRadius:0.025]]
[2022.01.12-13.06.05:459][  0]LogConfig: Setting CVar [[r.DOF.Kernel.MaxBackgroundRadius:0.025]]
[2022.01.12-13.06.05:459][  0]LogConfig: Applying CVar settings from Section [TextureQuality@3] File [D:/00_Project/Project_OM/Project_OM/ProjectOM/Saved/Config/Windows/Scalability.ini]
[2022.01.12-13.06.05:459][  0]LogConfig: Setting CVar [[r.Streaming.MipBias:0]]
[2022.01.12-13.06.05:459][  0]LogConfig: Setting CVar [[r.Streaming.AmortizeCPUToGPUCopy:0]]
[2022.01.12-13.06.05:459][  0]LogConfig: Setting CVar [[r.Streaming.MaxNumTexturesToStreamPerFrame:0]]
[2022.01.12-13.06.05:459][  0]LogConfig: Setting CVar [[r.Streaming.Boost:1]]
[2022.01.12-13.06.05:459][  0]LogConfig: Setting CVar [[r.MaxAnisotropy:8]]
[2022.01.12-13.06.05:460][  0]LogConfig: Setting CVar [[r.VT.MaxAnisotropy:8]]
[2022.01.12-13.06.05:460][  0]LogConfig: Setting CVar [[r.Streaming.LimitPoolSizeToVRAM:0]]
[2022.01.12-13.06.05:460][  0]LogConfig: Setting CVar [[r.Streaming.PoolSize:1000]]
[2022.01.12-13.06.05:460][  0]LogConfig: Setting CVar [[r.Streaming.MaxEffectiveScreenSize:0]]
[2022.01.12-13.06.05:460][  0]LogConfig: Applying CVar settings from Section [EffectsQuality@3] File [D:/00_Project/Project_OM/Project_OM/ProjectOM/Saved/Config/Windows/Scalability.ini]
[2022.01.12-13.06.05:460][  0]LogConfig: Setting CVar [[r.TranslucencyLightingVolumeDim:64]]
[2022.01.12-13.06.05:460][  0]LogConfig: Setting CVar [[r.RefractionQuality:2]]
[2022.01.12-13.06.05:460][  0]LogConfig: Setting CVar [[r.SSR.Quality:3]]
[2022.01.12-13.06.05:460][  0]LogConfig: Setting CVar [[r.SSR.HalfResSceneColor:0]]
[2022.01.12-13.06.05:460][  0]LogConfig: Setting CVar [[r.SceneColorFormat:4]]
[2022.01.12-13.06.05:460][  0]LogConfig: Setting CVar [[r.DetailMode:2]]
[2022.01.12-13.06.05:460][  0]LogConfig: Setting CVar [[r.TranslucencyVolumeBlur:1]]
[2022.01.12-13.06.05:460][  0]LogConfig: Setting CVar [[r.MaterialQualityLevel:1 ; High quality]]
[2022.01.12-13.06.05:460][  0]LogConfig: Setting CVar [[r.SSS.Scale:1]]
[2022.01.12-13.06.05:460][  0]LogConfig: Setting CVar [[r.SSS.SampleSet:2]]
[2022.01.12-13.06.05:460][  0]LogConfig: Setting CVar [[r.SSS.Quality:1]]
[2022.01.12-13.06.05:460][  0]LogConfig: Setting CVar [[r.SSS.HalfRes:0]]
[2022.01.12-13.06.05:460][  0]LogConfig: Setting CVar [[r.SSGI.Quality:3]]
[2022.01.12-13.06.05:460][  0]LogConfig: Setting CVar [[r.EmitterSpawnRateScale:1.0]]
[2022.01.12-13.06.05:460][  0]LogConfig: Setting CVar [[r.ParticleLightQuality:2]]
[2022.01.12-13.06.05:460][  0]LogConfig: Setting CVar [[r.SkyAtmosphere.AerialPerspectiveLUT.FastApplyOnOpaque:1 ; Always have FastSkyLUT 1 in this case to avoid wrong sky]]
[2022.01.12-13.06.05:460][  0]LogConfig: Setting CVar [[r.SkyAtmosphere.AerialPerspectiveLUT.SampleCountPerSlice:1]]
[2022.01.12-13.06.05:460][  0]LogConfig: Setting CVar [[r.SkyAtmosphere.AerialPerspectiveLUT.DepthResolution:16.0]]
[2022.01.12-13.06.05:460][  0]LogConfig: Setting CVar [[r.SkyAtmosphere.FastSkyLUT:1]]
[2022.01.12-13.06.05:460][  0]LogConfig: Setting CVar [[r.SkyAtmosphere.FastSkyLUT.SampleCountMin:4.0]]
[2022.01.12-13.06.05:460][  0]LogConfig: Setting CVar [[r.SkyAtmosphere.FastSkyLUT.SampleCountMax:32.0]]
[2022.01.12-13.06.05:460][  0]LogConfig: Setting CVar [[r.SkyAtmosphere.SampleCountMin:4.0]]
[2022.01.12-13.06.05:460][  0]LogConfig: Setting CVar [[r.SkyAtmosphere.SampleCountMax:32.0]]
[2022.01.12-13.06.05:460][  0]LogConfig: Setting CVar [[r.SkyAtmosphere.TransmittanceLUT.UseSmallFormat:0]]
[2022.01.12-13.06.05:460][  0]LogConfig: Setting CVar [[r.SkyAtmosphere.TransmittanceLUT.SampleCount:10.0]]
[2022.01.12-13.06.05:460][  0]LogConfig: Setting CVar [[r.SkyAtmosphere.MultiScatteringLUT.SampleCount:15.0]]
[2022.01.12-13.06.05:460][  0]LogConfig: Applying CVar settings from Section [FoliageQuality@3] File [D:/00_Project/Project_OM/Project_OM/ProjectOM/Saved/Config/Windows/Scalability.ini]
[2022.01.12-13.06.05:460][  0]LogConfig: Setting CVar [[foliage.DensityScale:1.0]]
[2022.01.12-13.06.05:460][  0]LogConfig: Setting CVar [[grass.DensityScale:1.0]]
[2022.01.12-13.06.05:460][  0]LogConfig: Applying CVar settings from Section [ShadingQuality@3] File [D:/00_Project/Project_OM/Project_OM/ProjectOM/Saved/Config/Windows/Scalability.ini]
[2022.01.12-13.06.05:460][  0]LogConfig: Setting CVar [[r.HairStrands.SkyLighting.SampleCount:16]]
[2022.01.12-13.06.05:460][  0]LogConfig: Setting CVar [[r.HairStrands.SkyLighting.JitterIntegration:0]]
[2022.01.12-13.06.05:460][  0]LogConfig: Setting CVar [[r.HairStrands.SkyAO.SampleCount:16]]
[2022.01.12-13.06.05:460][  0]LogConfig: Setting CVar [[r.HairStrands.DeepShadow.SuperSampling:0]]
[2022.01.12-13.06.05:460][  0]LogConfig: Setting CVar [[r.HairStrands.VisibilityPPLL:0]]
[2022.01.12-13.06.05:460][  0]LogConfig: Setting CVar [[r.HairStrands.RasterizationScale:0.5]]
[2022.01.12-13.06.05:460][  0]LogConfig: Setting CVar [[r.HairStrands.VelocityRasterizationScale:1]]
[2022.01.12-13.06.05:460][  0]LogConfig: Applying CVar settings from Section [Startup] File [../../../Engine/Config/ConsoleVariables.ini]
[2022.01.12-13.06.05:471][  0]LogConfig: Setting CVar [[net.UseAdaptiveNetUpdateFrequency:0]]
[2022.01.12-13.06.05:471][  0]LogConfig: Setting CVar [[p.chaos.AllowCreatePhysxBodies:1]]
[2022.01.12-13.06.05:471][  0]LogConfig: Setting CVar [[fx.SkipVectorVMBackendOptimizations:1]]
[2022.01.12-13.06.05:471][  0]LogConfig: Applying CVar settings from Section [ConsoleVariables] File [D:/00_Project/Project_OM/Project_OM/ProjectOM/Saved/Config/Windows/Engine.ini]
[2022.01.12-13.06.05:471][  0]LogInit: Computer: DESKTOP-DMDN1VJ
[2022.01.12-13.06.05:471][  0]LogInit: User: 김유진
[2022.01.12-13.06.05:471][  0]LogInit: CPU Page size=4096, Cores=8
[2022.01.12-13.06.05:471][  0]LogInit: High frequency timer resolution =10.000000 MHz
[2022.01.12-13.06.05:471][  0]LogMemory: Memory total: Physical=31.9GB (32GB approx)
[2022.01.12-13.06.05:471][  0]LogMemory: Platform Memory Stats for Windows
[2022.01.12-13.06.05:471][  0]LogMemory: Process Physical Memory: 121.59 MB used, 121.59 MB peak
[2022.01.12-13.06.05:471][  0]LogMemory: Process Virtual Memory: 99.90 MB used, 99.90 MB peak
[2022.01.12-13.06.05:471][  0]LogMemory: Physical Memory: 7619.70 MB used,  25092.77 MB free, 32712.47 MB total
[2022.01.12-13.06.05:471][  0]LogMemory: Virtual Memory: 5189.34 MB used,  134212536.00 MB free, 134217728.00 MB total
[2022.01.12-13.06.05:494][  0]LogWindows: WindowsPlatformFeatures enabled
[2022.01.12-13.06.06:379][  0]LogInit: Physics initialised using underlying interface: PhysX
[2022.01.12-13.06.06:387][  0]LogInit: Using OS detected language (ko-KR).
[2022.01.12-13.06.06:387][  0]LogInit: Using OS detected locale (ko-KR).
[2022.01.12-13.06.06:502][  0]LogTextLocalizationManager: No specific localization for 'ko-KR' exists, so the 'ko' localization will be used.
[2022.01.12-13.06.07:042][  0]LogInit: Setting process to per monitor DPI aware
[2022.01.12-13.06.07:703][  0]LogSlate: New Slate User Created.  User Index 0, Is Virtual User: 0
[2022.01.12-13.06.07:703][  0]LogSlate: Slate User Registered.  User Index 0, Is Virtual User: 0
[2022.01.12-13.06.10:542][  0]LogHMD: Failed to initialize OpenVR with code 110
[2022.01.12-13.06.10:542][  0]LogD3D11RHI: D3D11 min allowed feature level: 11_0
[2022.01.12-13.06.10:542][  0]LogD3D11RHI: D3D11 max allowed feature level: 11_0
[2022.01.12-13.06.10:542][  0]LogD3D11RHI: D3D11 adapters:
[2022.01.12-13.06.10:663][  0]LogD3D11RHI:    0. 'NVIDIA GeForce RTX 2080' (Feature Level 11_0)
[2022.01.12-13.06.10:663][  0]LogD3D11RHI:       8010/0/16356 MB DedicatedVideo/DedicatedSystem/SharedSystem, Outputs:2, VendorId:0x10de
[2022.01.12-13.06.10:670][  0]LogD3D11RHI:    1. 'Microsoft Basic Render Driver' (Feature Level 11_0)
[2022.01.12-13.06.10:670][  0]LogD3D11RHI:       0/0/16356 MB DedicatedVideo/DedicatedSystem/SharedSystem, Outputs:0, VendorId:0x1414
[2022.01.12-13.06.10:670][  0]LogD3D11RHI: Chosen D3D11 Adapter: 0
[2022.01.12-13.06.10:677][  0]LogD3D11RHI: Creating new Direct3DDevice
[2022.01.12-13.06.10:677][  0]LogD3D11RHI:     GPU DeviceId: 0x1e87 (for the marketing name, search the web for "GPU Device Id")
[2022.01.12-13.06.10:677][  0]LogWindows: EnumDisplayDevices:
[2022.01.12-13.06.10:678][  0]LogWindows:    0. 'NVIDIA GeForce RTX 2080' (P:1 D:1)
[2022.01.12-13.06.10:679][  0]LogWindows:    1. 'NVIDIA GeForce RTX 2080' (P:0 D:1)
[2022.01.12-13.06.10:680][  0]LogWindows:    2. 'NVIDIA GeForce RTX 2080' (P:0 D:0)
[2022.01.12-13.06.10:681][  0]LogWindows:    3. 'NVIDIA GeForce RTX 2080' (P:0 D:0)
[2022.01.12-13.06.10:682][  0]LogWindows: DebugString: FoundDriverCount:4 
[2022.01.12-13.06.10:682][  0]LogD3D11RHI:     Adapter Name: NVIDIA GeForce RTX 2080
[2022.01.12-13.06.10:682][  0]LogD3D11RHI:   Driver Version: 457.30 (internal:27.21.14.5730, unified:457.30)
[2022.01.12-13.06.10:682][  0]LogD3D11RHI:      Driver Date: 11-6-2020
[2022.01.12-13.06.10:682][  0]LogRHI: Texture pool is 5607 MB (70% of 8010 MB)
[2022.01.12-13.06.10:752][  0]LogD3D11RHI: RHI has support for 64 bit atomics
[2022.01.12-13.06.10:763][  0]LogD3D11RHI: Async texture creation enabled
[2022.01.12-13.06.10:763][  0]LogD3D11RHI: Array index from any shader is supported
[2022.01.12-13.06.11:030][  0]LogD3D11RHI: GPU Timing Frequency: 1000.000000 (Debug: 2 1)
[2022.01.12-13.06.11:720][  0]LogTargetPlatformManager: Display: Loaded TargetPlatform 'AllDesktop'
[2022.01.12-13.06.11:769][  0]LogTargetPlatformManager: Display: Loaded TargetPlatform 'Android'
[2022.01.12-13.06.11:769][  0]LogTargetPlatformManager: Display: Loaded TargetPlatform 'Android_ASTC'
[2022.01.12-13.06.11:769][  0]LogTargetPlatformManager: Display: Loaded TargetPlatform 'Android_DXT'
[2022.01.12-13.06.11:769][  0]LogTargetPlatformManager: Display: Loaded TargetPlatform 'Android_ETC2'
[2022.01.12-13.06.11:769][  0]LogTargetPlatformManager: Display: Loaded TargetPlatform 'AndroidClient'
[2022.01.12-13.06.11:769][  0]LogTargetPlatformManager: Display: Loaded TargetPlatform 'Android_ASTCClient'
[2022.01.12-13.06.11:769][  0]LogTargetPlatformManager: Display: Loaded TargetPlatform 'Android_DXTClient'
[2022.01.12-13.06.11:769][  0]LogTargetPlatformManager: Display: Loaded TargetPlatform 'Android_ETC2Client'
[2022.01.12-13.06.11:769][  0]LogTargetPlatformManager: Display: Loaded TargetPlatform 'Android_Multi'
[2022.01.12-13.06.11:769][  0]LogTargetPlatformManager: Display: Loaded TargetPlatform 'Android_MultiClient'
[2022.01.12-13.06.11:848][  0]LogTargetPlatformManager: Display: Loaded TargetPlatform 'IOSClient'
[2022.01.12-13.06.11:848][  0]LogTargetPlatformManager: Display: Loaded TargetPlatform 'IOS'
[2022.01.12-13.06.11:928][  0]LogTargetPlatformManager: Display: Loaded TargetPlatform 'Linux'
[2022.01.12-13.06.11:964][  0]LogTargetPlatformManager: Display: Loaded TargetPlatform 'LinuxNoEditor'
[2022.01.12-13.06.11:984][  0]LogTargetPlatformManager: Display: Loaded TargetPlatform 'LinuxClient'
[2022.01.12-13.06.12:004][  0]LogTargetPlatformManager: Display: Loaded TargetPlatform 'LinuxServer'
[2022.01.12-13.06.12:026][  0]LogTargetPlatformManager: Display: Loaded TargetPlatform 'LinuxAArch64NoEditor'
[2022.01.12-13.06.12:050][  0]LogTargetPlatformManager: Display: Loaded TargetPlatform 'LinuxAArch64Client'
[2022.01.12-13.06.12:074][  0]LogTargetPlatformManager: Display: Loaded TargetPlatform 'LinuxAArch64Server'
[2022.01.12-13.06.12:114][  0]LogTargetPlatformManager: Display: Loaded TargetPlatform 'Lumin'
[2022.01.12-13.06.12:115][  0]LogTargetPlatformManager: Display: Loaded TargetPlatform 'LuminClient'
[2022.01.12-13.06.12:164][  0]LogTargetPlatformManager: Display: Loaded TargetPlatform 'TVOSClient'
[2022.01.12-13.06.12:164][  0]LogTargetPlatformManager: Display: Loaded TargetPlatform 'TVOS'
[2022.01.12-13.06.12:191][  0]LogTargetPlatformManager: Display: Loaded TargetPlatform 'WindowsNoEditor'
[2022.01.12-13.06.12:228][  0]LogTargetPlatformManager: Display: Loaded TargetPlatform 'Windows'
[2022.01.12-13.06.12:248][  0]LogTargetPlatformManager: Display: Loaded TargetPlatform 'WindowsClient'
[2022.01.12-13.06.12:289][  0]LogTargetPlatformManager: Display: Loaded TargetPlatform 'WindowsServer'
[2022.01.12-13.06.12:289][  0]LogTargetPlatformManager: Display: Building Assets For Windows
[2022.01.12-13.06.12:494][  0]LogAudioDebug: Display: Lib vorbis DLL was dynamically loaded.
[2022.01.12-13.06.13:153][  0]LogShaderCompilers: Guid format shader working directory is -16 characters bigger than the processId version (../../../../../../00_Project/Project_OM/Project_OM/ProjectOM/Intermediate/Shaders/WorkingDirectory/3824/).
[2022.01.12-13.06.13:153][  0]LogShaderCompilers: Cleaned the shader compiler working directory 'C:/Users/김유진/AppData/Local/Temp/UnrealShaderWorkingDir/93EEE166403E3B9088977D93502AE761/'.
[2022.01.12-13.06.13:184][  0]LogXGEController: Cleaning working directory: C:/Users/김유진/AppData/Local/Temp/UnrealXGEWorkingDir/
[2022.01.12-13.06.13:185][  0]LogXGEController: Cannot use XGE Controller as Incredibuild is not installed on this machine.
[2022.01.12-13.06.13:185][  0]LogShaderCompilers: Cannot use XGE Shader Compiler as Incredibuild is not installed on this machine.
[2022.01.12-13.06.13:185][  0]LogShaderCompilers: Display: Using Local Shader Compiler.
[2022.01.12-13.06.15:991][  0]LogDerivedDataCache: Display: Max Cache Size: 512 MB
[2022.01.12-13.06.16:059][  0]LogDerivedDataCache: Loaded boot cache 0.07s 75MB C:/Users/김유진/AppData/Local/UnrealEngine/4.25/DerivedDataCache/Boot.ddc.
[2022.01.12-13.06.16:059][  0]LogDerivedDataCache: Display: Loaded Boot cache: C:/Users/김유진/AppData/Local/UnrealEngine/4.25/DerivedDataCache/Boot.ddc
[2022.01.12-13.06.16:065][  0]LogDerivedDataCache: FDerivedDataBackendGraph:  Pak pak cache file ../../../../../../00_Project/Project_OM/Project_OM/ProjectOM/DerivedDataCache/DDC.ddp not found, will not use a pak cache.
[2022.01.12-13.06.16:065][  0]LogDerivedDataCache: Unable to find inner node Pak for hierarchical cache Hierarchy.
[2022.01.12-13.06.16:065][  0]LogDerivedDataCache: FDerivedDataBackendGraph:  CompressedPak pak cache file ../../../../../../00_Project/Project_OM/Project_OM/ProjectOM/DerivedDataCache/Compressed.ddp not found, will not use a pak cache.
[2022.01.12-13.06.16:065][  0]LogDerivedDataCache: Unable to find inner node CompressedPak for hierarchical cache Hierarchy.
[2022.01.12-13.06.16:265][  0]LogDerivedDataCache: Display: Pak cache opened for reading ../../../Engine/DerivedDataCache/Compressed.ddp.
[2022.01.12-13.06.16:265][  0]LogDerivedDataCache: FDerivedDataBackendGraph:  EnterprisePak pak cache file ../../../Enterprise/DerivedDataCache/Compressed.ddp not found, will not use a pak cache.
[2022.01.12-13.06.16:265][  0]LogDerivedDataCache: Unable to find inner node EnterprisePak for hierarchical cache Hierarchy.
[2022.01.12-13.06.16:268][  0]LogDerivedDataCache: Using Local data cache path C:/Users/김유진/AppData/Local/UnrealEngine/Common/DerivedDataCache: Writable
[2022.01.12-13.06.16:268][  0]LogDerivedDataCache: Shared data cache path not found in *engine.ini, will not use an Shared cache.
[2022.01.12-13.06.16:268][  0]LogDerivedDataCache: Unable to find inner node Shared for hierarchical cache Hierarchy.
[2022.01.12-13.06.16:406][  0]LogSlate: Using FreeType 2.10.0
[2022.01.12-13.06.16:540][  0]LogSlate: SlateFontServices - WITH_FREETYPE: 1, WITH_HARFBUZZ: 1
[2022.01.12-13.06.18:014][  0]LogAssetRegistry: FAssetRegistry took 0.0206 seconds to start up
[2022.01.12-13.06.22:407][  0]LogInit: Selected Device Profile: [Windows]
[2022.01.12-13.06.25:324][  0]LogMeshReduction: Using QuadricMeshReduction for automatic static mesh reduction
[2022.01.12-13.06.25:324][  0]LogMeshReduction: Using SimplygonMeshReduction for automatic skeletal mesh reduction
[2022.01.12-13.06.25:324][  0]LogMeshReduction: Using ProxyLODMeshReduction for automatic mesh merging
[2022.01.12-13.06.25:324][  0]LogMeshReduction: No distributed automatic mesh merging module available
[2022.01.12-13.06.25:325][  0]LogMeshMerging: No distributed automatic mesh merging module available
[2022.01.12-13.06.26:097][  0]LogNetVersion: ProjectOM 1.0.0, NetCL: 13144385, EngineNetVer: 14, GameNetVer: 0 (Checksum: 610905702)
[2022.01.12-13.06.45:084][  0]LogAISub: UAISubsystem::UAISubsystem AISubsystem (000001E95AF269C0), frame # 0
[2022.01.12-13.06.45:084][  0]LogAISub: UAISubsystem::UAISubsystem AIPerceptionSystem (000001E95ADF1E40), frame # 0
[2022.01.12-13.06.45:110][  0]LogAISub: UAISubsystem::UAISubsystem EnvQueryManager (000001E95AE31C00), frame # 0
[2022.01.12-13.06.45:689][  0]LogPackageLocalizationCache: Processed 19 localized package path(s) for 1 prioritized culture(s) in 0.277929 seconds
[2022.01.12-13.06.45:705][  0]LogUObjectArray: 15917 objects as part of root set at end of initial load.
[2022.01.12-13.06.45:705][  0]LogUObjectAllocator: 3965568 out of 0 bytes used by permanent object pool.
[2022.01.12-13.06.45:705][  0]LogUObjectArray: CloseDisregardForGC: 0/0 objects in disregard for GC pool
[2022.01.12-13.06.50:639][  0]LogTcpMessaging: Initializing TcpMessaging bridge
[2022.01.12-13.06.50:662][  0]LogUdpMessaging: Initializing bridge on interface 0.0.0.0:0 to multicast group 230.0.0.1:6666.
[2022.01.12-13.06.51:352][  0]SourceControl: 소스 컨트롤이 꺼졌습니다.
[2022.01.12-13.06.51:360][  0]SourceControl: 소스 컨트롤이 꺼졌습니다.
[2022.01.12-13.06.51:488][  0]SourceControl: 소스 컨트롤이 꺼졌습니다.
[2022.01.12-13.06.51:526][  0]SourceControl: 소스 컨트롤이 꺼졌습니다.
[2022.01.12-13.06.51:566][  0]SourceControl: 소스 컨트롤이 꺼졌습니다.
[2022.01.12-13.06.53:882][  0]LogAndroidPermission: UAndroidPermissionCallbackProxy::GetInstance
[2022.01.12-13.06.54:001][  0]LogAudioCaptureCore: Display: No Audio Capture implementations found. Audio input will be silent.
[2022.01.12-13.06.54:001][  0]LogAudioCaptureCore: Display: No Audio Capture implementations found. Audio input will be silent.
[2022.01.12-13.06.54:334][  0]LogOcInput: OculusInput pre-init called
[2022.01.12-13.06.54:384][  0]LogWindows: Failed to load 'OVRPlugin.dll' (GetLastError=126)
[2022.01.12-13.06.54:384][  0]LogWindows: File 'OVRPlugin.dll' does not exist
[2022.01.12-13.06.55:264][  0]LogEngine: Initializing Engine...
[2022.01.12-13.06.55:291][  0]LogHMD: Failed to initialize OpenVR with code 110
[2022.01.12-13.06.55:291][  0]LogMagicLeap: Warning: VR disabled because ZI is not enabled.  To enable, in the editor, Edit -> Project Settings -> Plugins -> Magic Leap Plugin -> Enable Zero Iteration
[2022.01.12-13.06.55:334][  0]LogStats: UGameplayTagsManager::InitializeManager -  0.034 s
[2022.01.12-13.06.56:253][  0]LogInit: Initializing FReadOnlyCVARCache
[2022.01.12-13.06.56:815][  0]LogAIModule: Creating AISystem for world Untitled
[2022.01.12-13.06.56:815][  0]LogAISub: UAISubsystem::UAISubsystem EnvQueryManager (000001E95EA50600), frame # 0
[2022.01.12-13.06.56:820][  0]LogAISub: UAISubsystem::UAISubsystem AIPerceptionSystem (000001E95E9EFB00), frame # 0
[2022.01.12-13.06.56:936][  0]LogAudioMixer: Display: Audio Mixer Platform Settings:
[2022.01.12-13.06.56:936][  0]LogAudioMixer: Display: 	Sample Rate:						  48000
[2022.01.12-13.06.56:936][  0]LogAudioMixer: Display: 	Callback Buffer Frame Size Requested: 1024
[2022.01.12-13.06.56:936][  0]LogAudioMixer: Display: 	Callback Buffer Frame Size To Use:	  1024
[2022.01.12-13.06.56:936][  0]LogAudioMixer: Display: 	Number of buffers to queue:			  2
[2022.01.12-13.06.56:936][  0]LogAudioMixer: Display: 	Max Channels (voices):				  32
[2022.01.12-13.06.56:936][  0]LogAudioMixer: Display: 	Number of Async Source Workers:		  0
[2022.01.12-13.06.56:936][  0]LogAudio: Display: AudioDevice MaxSources: 32
[2022.01.12-13.06.56:936][  0]LogAudio: Display: Using built-in audio occlusion.
[2022.01.12-13.06.56:936][  0]LogAudioMixer: Display: Initializing audio mixer.
[2022.01.12-13.06.57:068][  0]LogAudioMixer: Display: 0: FrontLeft
[2022.01.12-13.06.57:068][  0]LogAudioMixer: Display: 1: FrontRight
[2022.01.12-13.06.57:173][  0]LogAudioMixer: Display: Using Audio Device 스피커(Realtek(R) Audio)
[2022.01.12-13.06.57:194][  0]LogAudioMixer: Display: Initializing Sound Submixes...
[2022.01.12-13.06.57:273][  0]LogAudioMixer: Display: Creating Master Submix 'MasterSubmixDefault'
[2022.01.12-13.06.57:274][  0]LogAudioMixer: Display: Creating Master Submix 'MasterReverbSubmixDefault'
[2022.01.12-13.06.57:275][  0]LogAudioMixer: Display: Creating Master Submix 'MasterEQSubmixDefault'
[2022.01.12-13.06.57:276][  0]LogInit: FAudioDevice initialized.
[2022.01.12-13.06.57:276][  0]LogNetVersion: Set ProjectVersion to 1.0.0.0. Version Checksum will be recalculated on next use.
[2022.01.12-13.06.57:336][  0]LogDerivedDataCache: Saved boot cache 0.06s 75MB C:/Users/김유진/AppData/Local/UnrealEngine/4.25/DerivedDataCache/Boot.ddc.
[2022.01.12-13.06.57:338][  0]LogInit: Texture streaming: Enabled
[2022.01.12-13.06.57:538][  0]LogEngineSessionManager: EngineSessionManager initialized
[2022.01.12-13.06.57:538][  0]LogEditorSessionSummary: Verbose: Initializing EditorSessionSummaryWriter for editor session tracking
[2022.01.12-13.06.57:558][  0]LogEditorSessionSummary: EditorSessionSummaryWriter initialized
[2022.01.12-13.06.57:788][  0]LogInit: Transaction tracking system initialized
[2022.01.12-13.06.58:100][  0]BlueprintLog: New page: 에디터 로드
[2022.01.12-13.06.59:164][  0]LocalizationService: 현지화 서비스가 비활성화되었습니다.
[2022.01.12-13.07.02:387][  0]LogFileCache: Scanning file cache for directory 'D:/00_Project/Project_OM/Project_OM/ProjectOM/Content/' took 0.06s
[2022.01.12-13.07.02:387][  0]LogCook: Display: Max memory allowance for cook 16384mb min free memory 0mb
[2022.01.12-13.07.02:387][  0]LogCook: Display: Mobile HDR setting 1
[2022.01.12-13.07.05:186][  0]SourceControl: 소스 컨트롤이 꺼졌습니다.
[2022.01.12-13.07.05:194][  0]LogUnrealEdMisc: Loading editor; pre map load, took 83.853
[2022.01.12-13.07.05:219][  0]Cmd: MAP LOAD FILE="../../../Engine/Content/Maps/Templates/Template_Default.umap" TEMPLATE=1 SHOWPROGRESS=1 FEATURELEVEL=3
[2022.01.12-13.07.05:267][  0]LightingResults: New page: 라이팅 빌드
[2022.01.12-13.07.05:436][  0]LogWorld: UWorld::CleanupWorld for Untitled, bSessionEnded=true, bCleanupResources=true
[2022.01.12-13.07.05:454][  0]LogSlate: InvalidateAllWidgets triggered.  All widgets were invalidated
[2022.01.12-13.07.05:460][  0]MapCheck: New page: 맵 체크
[2022.01.12-13.07.05:460][  0]LightingResults: New page: 라이팅 빌드
[2022.01.12-13.07.05:656][  0]LogAISub: UAISubsystem::~UAISubsystem EnvQueryManager (000001E95EA50600), frame # 0
[2022.01.12-13.07.05:656][  0]LogAISub: UAISubsystem::~UAISubsystem AIPerceptionSystem (000001E95E9EFB00), frame # 0
[2022.01.12-13.07.05:657][  0]LogUObjectHash: Compacting FUObjectHashTables data took   0.68ms
[2022.01.12-13.07.06:584][  0]LogAIModule: Creating AISystem for world Untitled_1
[2022.01.12-13.07.06:584][  0]LogAISub: UAISubsystem::UAISubsystem EnvQueryManager (000001E94BE52600), frame # 0
[2022.01.12-13.07.06:584][  0]LogAISub: UAISubsystem::UAISubsystem AIPerceptionSystem (000001E95E3DDD00), frame # 0
[2022.01.12-13.07.06:947][  0]LogEditorServer: Finished looking for orphan Actors (0.000 secs)
[2022.01.12-13.07.07:018][  0]LogUObjectHash: Compacting FUObjectHashTables data took   0.74ms
[2022.01.12-13.07.07:018][  0]Cmd: MAP CHECKDEP NOCLEARLOG
[2022.01.12-13.07.07:035][  0]MapCheck: 맵 체크 완료: 오류 0 회, 경고 0 회, 소요 시간 16.328ms.
[2022.01.12-13.07.07:035][  0]LogFileHelpers: Loading map 'Template_Default' took 1.816
[2022.01.12-13.07.07:566][  0]LogUnrealEdMisc: Total Editor Startup Time, took 86.226
[2022.01.12-13.07.08:179][  0]LogSlate: Updating window title bar state: overlay mode, drag disabled, window buttons hidden, title bar hidden
[2022.01.12-13.07.08:195][  0]LogSlate: Updating window title bar state: overlay mode, drag disabled, window buttons hidden, title bar hidden
[2022.01.12-13.07.08:202][  0]LogSlate: Updating window title bar state: overlay mode, drag disabled, window buttons hidden, title bar hidden
[2022.01.12-13.07.08:209][  0]LogSlate: Updating window title bar state: overlay mode, drag disabled, window buttons hidden, title bar hidden
[2022.01.12-13.07.08:321][  0]LogCollectionManager: Loaded 0 collections in 0.001324 seconds
[2022.01.12-13.07.08:452][  0]LogFileCache: Scanning file cache for directory 'D:/00_Project/Project_OM/Project_OM/ProjectOM/Saved/Collections/' took 0.00s
[2022.01.12-13.07.08:452][  0]LogFileCache: Scanning file cache for directory 'D:/00_Project/Project_OM/Project_OM/ProjectOM/Content/Developers/김유진/Collections/' took 0.00s
[2022.01.12-13.07.08:452][  0]LogFileCache: Scanning file cache for directory 'D:/00_Project/Project_OM/Project_OM/ProjectOM/Content/Collections/' took 0.00s
[2022.01.12-13.07.08:452][  0]LogContentBrowser: Native class hierarchy populated in 0.0099 seconds. Added 3427 classes and 821 folders.
[2022.01.12-13.07.08:547][  0]LogContentBrowser: Native class hierarchy updated for 'WidgetCarousel' in 0.0003 seconds. Added 0 classes and 0 folders.
[2022.01.12-13.07.09:397][  0]LogContentBrowser: Native class hierarchy updated for 'AddContentDialog' in 0.0003 seconds. Added 0 classes and 0 folders.
[2022.01.12-13.07.09:507][  0]LogContentBrowser: Native class hierarchy updated for 'SceneOutliner' in 0.0004 seconds. Added 2 classes and 0 folders.
[2022.01.12-13.07.10:073][  0]LogSlate: Took 0.079757 seconds to synchronously load lazily loaded font '../../../Engine/Content/Slate/Fonts/Roboto-Regular.ttf' (155K)
[2022.01.12-13.07.10:208][  0]LogSlate: Took 0.123660 seconds to synchronously load lazily loaded font '../../../Engine/Content/Editor/Slate/Fonts/NanumGothic.ttf' (4243K)
[2022.01.12-13.07.10:336][  0]LogSlate: Took 0.100192 seconds to synchronously load lazily loaded font '../../../Engine/Content/Editor/Slate/Fonts/NanumGothicBold.ttf' (4188K)
[2022.01.12-13.07.10:348][  0]LogSlate: Took 0.011909 seconds to synchronously load lazily loaded font '../../../Engine/Content/Slate/Fonts/Roboto-Bold.ttf' (160K)
[2022.01.12-13.07.10:453][  0]LogSlate: Took 0.066535 seconds to synchronously load lazily loaded font '../../../Engine/Content/Editor/Slate/Fonts/FontAwesome.ttf' (139K)
[2022.01.12-13.07.11:073][  0]LogRenderer: Reallocating scene render targets to support 1240x632 Format 10 NumSamples 1 (Frame:1).
[2022.01.12-13.07.11:441][  0]LogContentBrowser: Native class hierarchy updated for 'HierarchicalLODOutliner' in 0.0004 seconds. Added 0 classes and 0 folders.
[2022.01.12-13.07.11:441][  0]LogLoad: (Engine Initialization) Total time: 90.10 seconds
[2022.01.12-13.07.11:441][  0]LogLoad: (Engine Initialization) Total Blueprint compile time: 0.00 seconds
[2022.01.12-13.07.11:625][  0]LogAssetRegistry: Asset discovery search completed in 53.6124 seconds
[2022.01.12-13.07.11:629][  0]LogCollectionManager: Fixed up redirectors for 0 collections in 0.000006 seconds (updated 0 objects)
[2022.01.12-13.07.11:715][  0]LogContentStreaming: Texture pool size now 1000 MB
[2022.01.12-13.07.11:953][  0]LogSlate: Took 0.011322 seconds to synchronously load lazily loaded font '../../../Engine/Content/Slate/Fonts/Roboto-Light.ttf' (167K)
[2022.01.12-13.10.40:637][955]LogSlate: Took 0.059005 seconds to synchronously load lazily loaded font '../../../Engine/Content/Slate/Fonts/Roboto-Light.ttf' (167K)
[2022.01.12-13.10.55:513][955]LogAssetEditorSubsystem: Opening Asset editor for World /Game/Scene/Dunbarton.Dunbarton
[2022.01.12-13.10.55:559][955]LogUObjectHash: Compacting FUObjectHashTables data took   1.04ms
[2022.01.12-13.10.55:561][955]Cmd: MAP LOAD FILE="../../../../../../00_Project/Project_OM/Project_OM/ProjectOM/Content/Scene/Dunbarton.umap" TEMPLATE=0 SHOWPROGRESS=1 FEATURELEVEL=3
[2022.01.12-13.10.55:561][955]LightingResults: New page: 라이팅 빌드
[2022.01.12-13.10.55:561][955]LoadErrors: New page: 맵 로드중: Dunbarton.umap
[2022.01.12-13.10.55:631][955]LogWorld: UWorld::CleanupWorld for Untitled_1, bSessionEnded=true, bCleanupResources=true
[2022.01.12-13.10.55:631][955]LogSlate: InvalidateAllWidgets triggered.  All widgets were invalidated
[2022.01.12-13.10.55:631][955]MapCheck: New page: 맵 체크
[2022.01.12-13.10.55:631][955]LightingResults: New page: 라이팅 빌드
[2022.01.12-13.10.55:666][955]LogAISub: UAISubsystem::~UAISubsystem EnvQueryManager (000001E94BE52600), frame # 955
[2022.01.12-13.10.55:666][955]LogAISub: UAISubsystem::~UAISubsystem AIPerceptionSystem (000001E95E3DDD00), frame # 955
[2022.01.12-13.10.55:668][955]LogUObjectHash: Compacting FUObjectHashTables data took   1.20ms
[2022.01.12-13.10.55:863][955]LogEditorServer: Finished looking for orphan Actors (0.000 secs)
[2022.01.12-13.10.55:863][955]LogAIModule: Creating AISystem for world Dunbarton
[2022.01.12-13.10.55:863][955]LogAISub: UAISubsystem::UAISubsystem EnvQueryManager (000001E95EA51E00), frame # 955
[2022.01.12-13.10.55:863][955]LogAISub: UAISubsystem::UAISubsystem AIPerceptionSystem (000001E97D6D8180), frame # 955
[2022.01.12-13.10.55:912][955]LogUObjectHash: Compacting FUObjectHashTables data took   0.82ms
[2022.01.12-13.10.55:947][955]Cmd: MAP CHECKDEP NOCLEARLOG
[2022.01.12-13.10.55:948][955]MapCheck: 맵 체크 완료: 오류 0 회, 경고 0 회, 소요 시간 0.356ms.
[2022.01.12-13.10.55:948][955]LogFileHelpers: Loading map 'Dunbarton' took 0.387
[2022.01.12-13.11.15:573][871]LogTemp: Repeating last play command: 선택된 뷰포트
[2022.01.12-13.11.15:632][871]LogPlayLevel: PlayLevel: No blueprints needed recompiling
[2022.01.12-13.11.15:649][871]PIE: New page: PIE 세션: Dunbarton (2022. 1. 13. 오전 7:11:15)
[2022.01.12-13.11.15:657][871]LogOnline: OSS: Creating online subsystem instance for: NULL
[2022.01.12-13.11.15:671][871]LogOnline: OSS: TryLoadSubsystemAndSetDefault: Loaded subsystem for module [NULL]
[2022.01.12-13.11.15:671][871]LogPlayLevel: Creating play world package: /Game/Scene/UEDPIE_0_Dunbarton
[2022.01.12-13.11.15:832][871]LogPlayLevel: PIE: StaticDuplicateObject took: (0.161345s)
[2022.01.12-13.11.15:833][871]LogAIModule: Creating AISystem for world Dunbarton
[2022.01.12-13.11.15:833][871]LogAISub: UAISubsystem::UAISubsystem EnvQueryManager (000001E9159F4C00), frame # 2871
[2022.01.12-13.11.15:833][871]LogAISub: UAISubsystem::UAISubsystem AIPerceptionSystem (000001E97D655BC0), frame # 2871
[2022.01.12-13.11.15:834][871]LogPlayLevel: PIE: World Init took: (0.001583s)
[2022.01.12-13.11.15:834][871]LogPlayLevel: PIE: Created PIE world by copying editor world from /Game/Scene/Dunbarton.Dunbarton to /Game/Scene/UEDPIE_0_Dunbarton.Dunbarton (0.163560s)
[2022.01.12-13.11.15:847][871]LogUObjectHash: Compacting FUObjectHashTables data took   0.82ms
[2022.01.12-13.11.15:849][871]LogAudioMixer: Display: Audio Mixer Platform Settings:
[2022.01.12-13.11.15:849][871]LogAudioMixer: Display: 	Sample Rate:						  48000
[2022.01.12-13.11.15:849][871]LogAudioMixer: Display: 	Callback Buffer Frame Size Requested: 1024
[2022.01.12-13.11.15:849][871]LogAudioMixer: Display: 	Callback Buffer Frame Size To Use:	  1024
[2022.01.12-13.11.15:849][871]LogAudioMixer: Display: 	Number of buffers to queue:			  2
[2022.01.12-13.11.15:849][871]LogAudioMixer: Display: 	Max Channels (voices):				  32
[2022.01.12-13.11.15:849][871]LogAudioMixer: Display: 	Number of Async Source Workers:		  0
[2022.01.12-13.11.15:849][871]LogAudio: Display: AudioDevice MaxSources: 32
[2022.01.12-13.11.15:849][871]LogAudio: Display: Using built-in audio occlusion.
[2022.01.12-13.11.15:849][871]LogAudioMixer: Display: Initializing audio mixer.
[2022.01.12-13.11.15:867][871]LogAudioMixer: Display: 0: FrontLeft
[2022.01.12-13.11.15:867][871]LogAudioMixer: Display: 1: FrontRight
[2022.01.12-13.11.15:937][871]LogAudioMixer: Display: Using Audio Device 스피커(Realtek(R) Audio)
[2022.01.12-13.11.15:937][871]LogAudioMixer: Display: Initializing Sound Submixes...
[2022.01.12-13.11.15:937][871]LogAudioMixer: Display: Creating Master Submix 'MasterSubmixDefault'
[2022.01.12-13.11.15:937][871]LogAudioMixer: Display: Creating Master Submix 'MasterReverbSubmixDefault'
[2022.01.12-13.11.15:937][871]LogAudioMixer: Display: Creating Master Submix 'MasterEQSubmixDefault'
[2022.01.12-13.11.15:947][871]LogInit: FAudioDevice initialized.
[2022.01.12-13.11.15:967][871]LogLoad: Game class is 'RONA_Movement_C'
[2022.01.12-13.11.16:194][871]LogWorld: Bringing World /Game/Scene/UEDPIE_0_Dunbarton.Dunbarton up for play (max tick rate 0) at 2022.01.12-22.11.16
[2022.01.12-13.11.16:196][871]LogWorld: Bringing up level for play took: 0.161841
[2022.01.12-13.11.16:196][871]LogOnline: OSS: Creating online subsystem instance for: :Context_1
[2022.01.12-13.11.16:284][871]LogContentBrowser: Native class hierarchy updated for 'MovieSceneCapture' in 0.0004 seconds. Added 20 classes and 0 folders.
[2022.01.12-13.11.16:390][871]PIE: 서버가 로그인했습니다.
[2022.01.12-13.11.16:392][871]PIE: 에디터에서 플레이 총 시작 시간 0.765초입니다.
[2022.01.12-13.13.25:399][319]LogActor: Warning: Pan_PhysicsAsset_7 is outside the world bounds!
[2022.01.12-13.13.39:506][  8]LogSlate: Updating window title bar state: overlay mode, drag disabled, window buttons hidden, title bar hidden
[2022.01.12-13.13.39:506][  8]LogWorld: BeginTearingDown for /Game/Scene/UEDPIE_0_Dunbarton
[2022.01.12-13.13.39:521][  8]LogWorld: UWorld::CleanupWorld for Dunbarton, bSessionEnded=true, bCleanupResources=true
[2022.01.12-13.13.39:591][  8]LogSlate: InvalidateAllWidgets triggered.  All widgets were invalidated
[2022.01.12-13.13.39:603][  8]LogPlayLevel: Display: Shutting down PIE online subsystems
[2022.01.12-13.13.39:607][  8]LogSlate: InvalidateAllWidgets triggered.  All widgets were invalidated
[2022.01.12-13.13.39:645][  8]LogSlate: Updating window title bar state: overlay mode, drag disabled, window buttons hidden, title bar hidden
[2022.01.12-13.13.39:665][  8]LogAISub: UAISubsystem::~UAISubsystem EnvQueryManager (000001E9159F4C00), frame # 20008
[2022.01.12-13.13.39:665][  8]LogAISub: UAISubsystem::~UAISubsystem AIPerceptionSystem (000001E97D655BC0), frame # 20008
[2022.01.12-13.13.39:666][  8]LogUObjectHash: Compacting FUObjectHashTables data took   0.92ms
[2022.01.12-13.13.39:708][  9]LogPlayLevel: Display: Destroying online subsystem :Context_1
[2022.01.12-13.13.41:084][169]Cmd: ACTOR HIDE SELECTED
[2022.01.12-13.14.20:921][559]LogEditorViewport: Clicking on Actor (LMB): SkeletalMeshActor (RONA_PhysicsAsset)
[2022.01.12-13.14.21:358][559]Cmd: CAMERA ALIGN ACTIVEVIEWPORTONLY
[2022.01.12-13.14.44:208][199]LogTemp: Repeating last play command: 선택된 뷰포트
[2022.01.12-13.14.44:229][199]LogPlayLevel: PlayLevel: No blueprints needed recompiling
[2022.01.12-13.14.44:230][199]PIE: New page: PIE 세션: Dunbarton (2022. 1. 13. 오전 7:14:44)
[2022.01.12-13.14.44:230][199]LogPlayLevel: Creating play world package: /Game/Scene/UEDPIE_0_Dunbarton
[2022.01.12-13.14.44:370][199]LogPlayLevel: PIE: StaticDuplicateObject took: (0.140586s)
[2022.01.12-13.14.44:371][199]LogAIModule: Creating AISystem for world Dunbarton
[2022.01.12-13.14.44:371][199]LogAISub: UAISubsystem::UAISubsystem EnvQueryManager (000001E91404FE00), frame # 27199
[2022.01.12-13.14.44:371][199]LogAISub: UAISubsystem::UAISubsystem AIPerceptionSystem (000001E97D7711C0), frame # 27199
[2022.01.12-13.14.44:372][199]LogPlayLevel: PIE: World Init took: (0.001407s)
[2022.01.12-13.14.44:372][199]LogPlayLevel: PIE: Created PIE world by copying editor world from /Game/Scene/Dunbarton.Dunbarton to /Game/Scene/UEDPIE_0_Dunbarton.Dunbarton (0.142361s)
[2022.01.12-13.14.44:384][199]LogUObjectHash: Compacting FUObjectHashTables data took   0.84ms
[2022.01.12-13.14.44:385][199]LogAudioMixer: Display: Audio Mixer Platform Settings:
[2022.01.12-13.14.44:385][199]LogAudioMixer: Display: 	Sample Rate:						  48000
[2022.01.12-13.14.44:385][199]LogAudioMixer: Display: 	Callback Buffer Frame Size Requested: 1024
[2022.01.12-13.14.44:385][199]LogAudioMixer: Display: 	Callback Buffer Frame Size To Use:	  1024
[2022.01.12-13.14.44:385][199]LogAudioMixer: Display: 	Number of buffers to queue:			  2
[2022.01.12-13.14.44:385][199]LogAudioMixer: Display: 	Max Channels (voices):				  32
[2022.01.12-13.14.44:385][199]LogAudioMixer: Display: 	Number of Async Source Workers:		  0
[2022.01.12-13.14.44:385][199]LogAudio: Display: AudioDevice MaxSources: 32
[2022.01.12-13.14.44:386][199]LogAudio: Display: Using built-in audio occlusion.
[2022.01.12-13.14.44:386][199]LogAudioMixer: Display: Initializing audio mixer.
[2022.01.12-13.14.44:405][199]LogAudioMixer: Display: 0: FrontLeft
[2022.01.12-13.14.44:405][199]LogAudioMixer: Display: 1: FrontRight
[2022.01.12-13.14.44:475][199]LogAudioMixer: Display: Using Audio Device 스피커(Realtek(R) Audio)
[2022.01.12-13.14.44:475][199]LogAudioMixer: Display: Initializing Sound Submixes...
[2022.01.12-13.14.44:475][199]LogAudioMixer: Display: Creating Master Submix 'MasterSubmixDefault'
[2022.01.12-13.14.44:475][199]LogAudioMixer: Display: Creating Master Submix 'MasterReverbSubmixDefault'
[2022.01.12-13.14.44:476][199]LogAudioMixer: Display: Creating Master Submix 'MasterEQSubmixDefault'
[2022.01.12-13.14.44:485][199]LogInit: FAudioDevice initialized.
[2022.01.12-13.14.44:495][199]LogLoad: Game class is 'RONA_Movement_C'
[2022.01.12-13.14.44:655][199]LogWorld: Bringing World /Game/Scene/UEDPIE_0_Dunbarton.Dunbarton up for play (max tick rate 0) at 2022.01.12-22.14.44
[2022.01.12-13.14.44:656][199]LogWorld: Bringing up level for play took: 0.159681
[2022.01.12-13.14.44:656][199]LogOnline: OSS: Creating online subsystem instance for: :Context_4
[2022.01.12-13.14.44:664][199]PIE: 서버가 로그인했습니다.
[2022.01.12-13.14.44:665][199]PIE: 에디터에서 플레이 총 시작 시간 0.44초입니다.
[2022.01.12-13.15.34:830][197]LogSlate: Updating window title bar state: overlay mode, drag disabled, window buttons hidden, title bar hidden
[2022.01.12-13.15.34:830][197]LogWorld: BeginTearingDown for /Game/Scene/UEDPIE_0_Dunbarton
[2022.01.12-13.15.34:831][197]LogWorld: UWorld::CleanupWorld for Dunbarton, bSessionEnded=true, bCleanupResources=true
[2022.01.12-13.15.34:848][197]LogSlate: InvalidateAllWidgets triggered.  All widgets were invalidated
[2022.01.12-13.15.34:855][197]LogPlayLevel: Display: Shutting down PIE online subsystems
[2022.01.12-13.15.34:859][197]LogSlate: InvalidateAllWidgets triggered.  All widgets were invalidated
[2022.01.12-13.15.34:879][197]LogSlate: Updating window title bar state: overlay mode, drag disabled, window buttons hidden, title bar hidden
[2022.01.12-13.15.34:899][197]LogAISub: UAISubsystem::~UAISubsystem AIPerceptionSystem (000001E97D7711C0), frame # 33197
[2022.01.12-13.15.34:899][197]LogAISub: UAISubsystem::~UAISubsystem EnvQueryManager (000001E91404FE00), frame # 33197
[2022.01.12-13.15.34:907][197]LogUObjectHash: Compacting FUObjectHashTables data took   1.34ms
[2022.01.12-13.15.34:959][198]LogPlayLevel: Display: Destroying online subsystem :Context_4
[2022.01.12-13.15.42:797][107]LogTemp: Repeating last play command: 선택된 뷰포트
[2022.01.12-13.15.42:818][107]LogPlayLevel: PlayLevel: No blueprints needed recompiling
[2022.01.12-13.15.42:818][107]PIE: New page: PIE 세션: Dunbarton (2022. 1. 13. 오전 7:15:42)
[2022.01.12-13.15.42:841][107]LogPlayLevel: Creating play world package: /Game/Scene/UEDPIE_0_Dunbarton
[2022.01.12-13.15.42:981][107]LogPlayLevel: PIE: StaticDuplicateObject took: (0.140022s)
[2022.01.12-13.15.42:981][107]LogAIModule: Creating AISystem for world Dunbarton
[2022.01.12-13.15.42:981][107]LogAISub: UAISubsystem::UAISubsystem EnvQueryManager (000001E9158E7200), frame # 34107
[2022.01.12-13.15.42:981][107]LogAISub: UAISubsystem::UAISubsystem AIPerceptionSystem (000001E91438B600), frame # 34107
[2022.01.12-13.15.42:982][107]LogPlayLevel: PIE: World Init took: (0.001359s)
[2022.01.12-13.15.42:982][107]LogPlayLevel: PIE: Created PIE world by copying editor world from /Game/Scene/Dunbarton.Dunbarton to /Game/Scene/UEDPIE_0_Dunbarton.Dunbarton (0.141774s)
[2022.01.12-13.15.42:995][107]LogUObjectHash: Compacting FUObjectHashTables data took   0.83ms
[2022.01.12-13.15.42:996][107]LogAudioMixer: Display: Audio Mixer Platform Settings:
[2022.01.12-13.15.42:996][107]LogAudioMixer: Display: 	Sample Rate:						  48000
[2022.01.12-13.15.42:996][107]LogAudioMixer: Display: 	Callback Buffer Frame Size Requested: 1024
[2022.01.12-13.15.42:996][107]LogAudioMixer: Display: 	Callback Buffer Frame Size To Use:	  1024
[2022.01.12-13.15.42:996][107]LogAudioMixer: Display: 	Number of buffers to queue:			  2
[2022.01.12-13.15.42:996][107]LogAudioMixer: Display: 	Max Channels (voices):				  32
[2022.01.12-13.15.42:996][107]LogAudioMixer: Display: 	Number of Async Source Workers:		  0
[2022.01.12-13.15.42:996][107]LogAudio: Display: AudioDevice MaxSources: 32
[2022.01.12-13.15.42:997][107]LogAudio: Display: Using built-in audio occlusion.
[2022.01.12-13.15.42:997][107]LogAudioMixer: Display: Initializing audio mixer.
[2022.01.12-13.15.43:019][107]LogAudioMixer: Display: 0: FrontLeft
[2022.01.12-13.15.43:019][107]LogAudioMixer: Display: 1: FrontRight
[2022.01.12-13.15.43:092][107]LogAudioMixer: Display: Using Audio Device 스피커(Realtek(R) Audio)
[2022.01.12-13.15.43:092][107]LogAudioMixer: Display: Initializing Sound Submixes...
[2022.01.12-13.15.43:092][107]LogAudioMixer: Display: Creating Master Submix 'MasterSubmixDefault'
[2022.01.12-13.15.43:092][107]LogAudioMixer: Display: Creating Master Submix 'MasterReverbSubmixDefault'
[2022.01.12-13.15.43:093][107]LogAudioMixer: Display: Creating Master Submix 'MasterEQSubmixDefault'
[2022.01.12-13.15.43:102][107]LogInit: FAudioDevice initialized.
[2022.01.12-13.15.43:109][107]LogLoad: Game class is 'RONA_Movement_C'
[2022.01.12-13.15.43:262][107]LogWorld: Bringing World /Game/Scene/UEDPIE_0_Dunbarton.Dunbarton up for play (max tick rate 0) at 2022.01.12-22.15.43
[2022.01.12-13.15.43:263][107]LogWorld: Bringing up level for play took: 0.154122
[2022.01.12-13.15.43:263][107]LogOnline: OSS: Creating online subsystem instance for: :Context_5
[2022.01.12-13.15.43:271][107]PIE: 서버가 로그인했습니다.
[2022.01.12-13.15.43:272][107]PIE: 에디터에서 플레이 총 시작 시간 0.46초입니다.
[2022.01.12-13.16.18:441][312]LogCharacterMovement: RONA_Player_C_0 is stuck and failed to move! Velocity: X=475.00 Y=366.58 Z=0.00 Location: X=-9819.36 Y=-4019.06 Z=109.73 Normal: X=-0.55 Y=-0.22 Z=-0.81 PenetrationDepth:69.712 Actor:Pan_PhysicsAsset_7 Component:SkeletalMeshComponent0 BoneName:Bone031 (0 other events since notify)
[2022.01.12-13.17.36:287][646]LogSlate: Updating window title bar state: overlay mode, drag disabled, window buttons hidden, title bar hidden
[2022.01.12-13.17.36:287][646]LogWorld: BeginTearingDown for /Game/Scene/UEDPIE_0_Dunbarton
[2022.01.12-13.17.36:288][646]LogWorld: UWorld::CleanupWorld for Dunbarton, bSessionEnded=true, bCleanupResources=true
[2022.01.12-13.17.36:304][646]LogSlate: InvalidateAllWidgets triggered.  All widgets were invalidated
[2022.01.12-13.17.36:312][646]LogPlayLevel: Display: Shutting down PIE online subsystems
[2022.01.12-13.17.36:315][646]LogSlate: InvalidateAllWidgets triggered.  All widgets were invalidated
[2022.01.12-13.17.36:336][646]LogSlate: Updating window title bar state: overlay mode, drag disabled, window buttons hidden, title bar hidden
[2022.01.12-13.17.36:355][646]LogAISub: UAISubsystem::~UAISubsystem AIPerceptionSystem (000001E91438B600), frame # 47646
[2022.01.12-13.17.36:355][646]LogAISub: UAISubsystem::~UAISubsystem EnvQueryManager (000001E9158E7200), frame # 47646
[2022.01.12-13.17.36:360][646]LogUObjectHash: Compacting FUObjectHashTables data took   0.85ms
[2022.01.12-13.17.36:398][647]LogPlayLevel: Display: Destroying online subsystem :Context_5
[2022.01.12-13.17.57:801][175]LogEditorViewport: Clicking on Actor (LMB): StaticMeshActor (SM_MERGED_Plane356)
[2022.01.12-13.19.55:336][982]Cmd: TRANSACTION UNDO
[2022.01.12-13.19.55:336][982]LogEditorTransaction: Undo 오클루전 편집
[2022.01.12-13.19.58:218][270]Cmd: TRANSACTION UNDO
[2022.01.12-13.19.58:218][270]LogEditorTransaction: Undo 오클루전 편집
[2022.01.12-13.20.04:252][962]Cmd: TRANSACTION UNDO
[2022.01.12-13.20.04:252][962]LogEditorTransaction: Undo 강도 편집
[2022.01.12-13.20.05:468][ 56]Cmd: TRANSACTION UNDO
[2022.01.12-13.20.05:468][ 56]LogEditorTransaction: Undo 한계치 편집
[2022.01.12-13.20.09:009][463]Cmd: TRANSACTION UNDO
[2022.01.12-13.20.09:009][463]LogEditorTransaction: Undo 한계치 편집
[2022.01.12-13.20.10:606][606]Cmd: TRANSACTION UNDO
[2022.01.12-13.20.10:606][606]LogEditorTransaction: Undo 강도 편집
[2022.01.12-13.20.26:151][426]Cmd: TRANSACTION UNDO
[2022.01.12-13.20.26:151][426]LogEditorTransaction: Undo 최소 밝기 편집
[2022.01.12-13.20.30:459][875]Cmd: TRANSACTION UNDO
[2022.01.12-13.20.30:459][875]LogEditorTransaction: Undo 최대 밝기 편집
[2022.01.12-13.20.33:515][188]Cmd: TRANSACTION UNDO
[2022.01.12-13.20.33:515][188]LogEditorTransaction: Undo 속력 높이기 편집
[2022.01.12-13.20.54:097][497]Cmd: DELETE
[2022.01.12-13.20.54:097][497]Cmd: ACTOR DELETE
[2022.01.12-13.20.54:223][497]LogEditorActor: Deleted Actor: ExponentialHeightFog
[2022.01.12-13.20.54:241][497]LogUObjectHash: Compacting FUObjectHashTables data took   0.87ms
[2022.01.12-13.20.54:244][497]LogEditorActor: Deleted 1 Actors (0.147 secs)
[2022.01.12-13.20.57:374][837]Cmd: TRANSACTION UNDO
[2022.01.12-13.20.57:374][837]LogEditorTransaction: Undo 액터 이동
[2022.01.12-13.21.12:557][482]Cmd: CAMERA ALIGN ACTIVEVIEWPORTONLY
[2022.01.12-13.21.19:325][275]Cmd: TRANSACTION UNDO
[2022.01.12-13.21.19:325][275]LogEditorTransaction: Undo 액터 클릭
[2022.01.12-13.21.19:526][279]Cmd: TRANSACTION UNDO
[2022.01.12-13.21.19:526][279]LogEditorTransaction: Undo 액터 클릭
[2022.01.12-13.21.20:320][338]Cmd: TRANSACTION REDO
[2022.01.12-13.21.20:320][338]LogEditorTransaction: Redo 액터 클릭
[2022.01.12-13.21.26:875][ 73]Cmd: TRANSACTION UNDO
[2022.01.12-13.21.26:875][ 73]LogEditorTransaction: Undo Sun Disc Scale 편집
[2022.01.12-13.21.30:934][474]LogSlate: Window '색 선택 툴' being destroyed
[2022.01.12-13.21.36:634][ 95]Cmd: TRANSACTION UNDO
[2022.01.12-13.21.36:634][ 95]LogEditorTransaction: Undo Default Brightness 편집
[2022.01.12-13.21.54:567][125]Cmd: TRANSACTION UNDO
[2022.01.12-13.21.54:567][125]LogEditorTransaction: Undo Editor Billboard Scale 편집
[2022.01.12-13.22.28:001][941]Cmd: CAMERA ALIGN ACTIVEVIEWPORTONLY
[2022.01.12-13.22.31:525][326]Cmd: DELETE
[2022.01.12-13.22.31:526][326]Cmd: ACTOR DELETE
[2022.01.12-13.22.31:573][326]LogEditorActor: Deleted Actor: PostProcessVolume
[2022.01.12-13.22.31:586][326]LogUObjectHash: Compacting FUObjectHashTables data took   0.88ms
[2022.01.12-13.22.31:588][326]LogEditorActor: Deleted 1 Actors (0.063 secs)
[2022.01.12-13.22.39:343][185]Cmd: TRANSACTION UNDO
[2022.01.12-13.22.39:343][185]LogEditorTransaction: Undo View Distance 편집
[2022.01.12-13.22.40:457][266]Cmd: TRANSACTION UNDO
[2022.01.12-13.22.40:457][266]LogEditorTransaction: Undo Static Lighting Scattering Intensity 편집
[2022.01.12-13.22.41:467][381]Cmd: TRANSACTION UNDO
[2022.01.12-13.22.41:467][381]LogEditorTransaction: Undo Extinction Scale 편집
[2022.01.12-13.22.42:546][507]Cmd: TRANSACTION UNDO
[2022.01.12-13.22.42:546][507]LogEditorTransaction: Undo Scattering Distribution 편집
[2022.01.12-13.22.45:759][876]Cmd: TRANSACTION UNDO
[2022.01.12-13.22.45:759][876]LogEditorTransaction: Undo Directional Inscattering Start Distance 편집
[2022.01.12-13.22.46:693][937]Cmd: DELETE
[2022.01.12-13.22.46:693][937]Cmd: ACTOR DELETE
[2022.01.12-13.22.46:741][937]LogEditorActor: Deleted Actor: ExponentialHeightFog
[2022.01.12-13.22.46:755][937]LogUObjectHash: Compacting FUObjectHashTables data took   0.84ms
[2022.01.12-13.22.46:757][937]LogEditorActor: Deleted 1 Actors (0.064 secs)
[2022.01.12-13.22.47:843][ 66]Cmd: TRANSACTION UNDO
[2022.01.12-13.22.47:843][ 66]LogEditorTransaction: Undo 액터 삭제
[2022.01.12-13.22.49:086][201]Cmd: DELETE
[2022.01.12-13.22.49:086][201]Cmd: ACTOR DELETE
[2022.01.12-13.22.49:134][201]LogEditorActor: Deleted Actor: ExponentialHeightFog
[2022.01.12-13.22.49:147][201]LogUObjectHash: Compacting FUObjectHashTables data took   0.31ms
[2022.01.12-13.22.49:149][201]LogEditorActor: Deleted 1 Actors (0.063 secs)
[2022.01.12-13.22.50:717][384]Cmd: TRANSACTION UNDO
[2022.01.12-13.22.50:717][384]LogEditorTransaction: Undo 액터 삭제
[2022.01.12-13.22.50:886][389]Cmd: TRANSACTION UNDO
[2022.01.12-13.22.50:887][389]LogEditorTransaction: Undo 액터 이동
[2022.01.12-13.22.51:037][405]Cmd: TRANSACTION UNDO
[2022.01.12-13.22.51:037][405]LogEditorTransaction: Undo 액터 생성
[2022.01.12-13.22.51:189][415]Cmd: TRANSACTION UNDO
[2022.01.12-13.22.51:189][415]LogEditorTransaction: Undo 액터 삭제
[2022.01.12-13.22.51:500][438]Cmd: TRANSACTION UNDO
[2022.01.12-13.22.51:500][438]LogEditorTransaction: Undo 액터 생성
[2022.01.12-13.22.51:761][459]Cmd: TRANSACTION UNDO
[2022.01.12-13.22.51:761][459]LogEditorTransaction: Undo Disable Ground Scattering 편집
[2022.01.12-13.23.01:858][650]LogEditorViewport: Clicking on Actor (context menu): StaticMeshActor (Floor2)
[2022.01.12-13.24.27:861][755]LogTemp: Repeating last play command: 선택된 뷰포트
[2022.01.12-13.24.27:881][755]LogPlayLevel: PlayLevel: No blueprints needed recompiling
[2022.01.12-13.24.27:882][755]PIE: New page: PIE 세션: Dunbarton (2022. 1. 13. 오전 7:24:27)
[2022.01.12-13.24.27:921][755]LogPlayLevel: Creating play world package: /Game/Scene/UEDPIE_0_Dunbarton
[2022.01.12-13.24.28:064][755]LogPlayLevel: PIE: StaticDuplicateObject took: (0.142512s)
[2022.01.12-13.24.28:065][755]LogAIModule: Creating AISystem for world Dunbarton
[2022.01.12-13.24.28:065][755]LogAISub: UAISubsystem::UAISubsystem EnvQueryManager (000001E982D2A000), frame # 92755
[2022.01.12-13.24.28:065][755]LogAISub: UAISubsystem::UAISubsystem AIPerceptionSystem (000001E9A4DE2200), frame # 92755
[2022.01.12-13.24.28:065][755]LogPlayLevel: PIE: World Init took: (0.001430s)
[2022.01.12-13.24.28:066][755]LogPlayLevel: PIE: Created PIE world by copying editor world from /Game/Scene/Dunbarton.Dunbarton to /Game/Scene/UEDPIE_0_Dunbarton.Dunbarton (0.144346s)
[2022.01.12-13.24.28:078][755]LogUObjectHash: Compacting FUObjectHashTables data took   0.99ms
[2022.01.12-13.24.28:081][755]LogAudioMixer: Display: Audio Mixer Platform Settings:
[2022.01.12-13.24.28:081][755]LogAudioMixer: Display: 	Sample Rate:						  48000
[2022.01.12-13.24.28:081][755]LogAudioMixer: Display: 	Callback Buffer Frame Size Requested: 1024
[2022.01.12-13.24.28:081][755]LogAudioMixer: Display: 	Callback Buffer Frame Size To Use:	  1024
[2022.01.12-13.24.28:081][755]LogAudioMixer: Display: 	Number of buffers to queue:			  2
[2022.01.12-13.24.28:081][755]LogAudioMixer: Display: 	Max Channels (voices):				  32
[2022.01.12-13.24.28:081][755]LogAudioMixer: Display: 	Number of Async Source Workers:		  0
[2022.01.12-13.24.28:081][755]LogAudio: Display: AudioDevice MaxSources: 32
[2022.01.12-13.24.28:081][755]LogAudio: Display: Using built-in audio occlusion.
[2022.01.12-13.24.28:081][755]LogAudioMixer: Display: Initializing audio mixer.
[2022.01.12-13.24.28:101][755]LogAudioMixer: Display: 0: FrontLeft
[2022.01.12-13.24.28:101][755]LogAudioMixer: Display: 1: FrontRight
[2022.01.12-13.24.28:172][755]LogAudioMixer: Display: Using Audio Device 스피커(Realtek(R) Audio)
[2022.01.12-13.24.28:173][755]LogAudioMixer: Display: Initializing Sound Submixes...
[2022.01.12-13.24.28:173][755]LogAudioMixer: Display: Creating Master Submix 'MasterSubmixDefault'
[2022.01.12-13.24.28:173][755]LogAudioMixer: Display: Creating Master Submix 'MasterReverbSubmixDefault'
[2022.01.12-13.24.28:173][755]LogAudioMixer: Display: Creating Master Submix 'MasterEQSubmixDefault'
[2022.01.12-13.24.28:183][755]LogInit: FAudioDevice initialized.
[2022.01.12-13.24.28:191][755]LogLoad: Game class is 'RONA_Movement_C'
[2022.01.12-13.24.28:348][755]LogWorld: Bringing World /Game/Scene/UEDPIE_0_Dunbarton.Dunbarton up for play (max tick rate 0) at 2022.01.12-22.24.28
[2022.01.12-13.24.28:349][755]LogWorld: Bringing up level for play took: 0.157370
[2022.01.12-13.24.28:349][755]LogOnline: OSS: Creating online subsystem instance for: :Context_7
[2022.01.12-13.24.28:357][755]PIE: 서버가 로그인했습니다.
[2022.01.12-13.24.28:357][755]PIE: 에디터에서 플레이 총 시작 시간 0.482초입니다.
[2022.01.12-13.24.31:647][131]LogSlate: Updating window title bar state: overlay mode, drag disabled, window buttons hidden, title bar hidden
[2022.01.12-13.24.31:647][131]LogWorld: BeginTearingDown for /Game/Scene/UEDPIE_0_Dunbarton
[2022.01.12-13.24.31:648][131]LogWorld: UWorld::CleanupWorld for Dunbarton, bSessionEnded=true, bCleanupResources=true
[2022.01.12-13.24.31:665][131]LogSlate: InvalidateAllWidgets triggered.  All widgets were invalidated
[2022.01.12-13.24.31:674][131]LogPlayLevel: Display: Shutting down PIE online subsystems
[2022.01.12-13.24.31:677][131]LogSlate: InvalidateAllWidgets triggered.  All widgets were invalidated
[2022.01.12-13.24.31:714][131]LogSlate: Updating window title bar state: overlay mode, drag disabled, window buttons hidden, title bar hidden
[2022.01.12-13.24.31:718][131]LogAISub: UAISubsystem::~UAISubsystem AIPerceptionSystem (000001E9A4DE2200), frame # 93131
[2022.01.12-13.24.31:718][131]LogAISub: UAISubsystem::~UAISubsystem EnvQueryManager (000001E982D2A000), frame # 93131
[2022.01.12-13.24.31:724][131]LogUObjectHash: Compacting FUObjectHashTables data took   0.89ms
[2022.01.12-13.24.31:763][132]LogPlayLevel: Display: Destroying online subsystem :Context_7
[2022.01.12-13.26.10:113][522]LogUObjectHash: Compacting FUObjectHashTables data took   0.75ms
[2022.01.12-13.26.12:652][522]LogSavePackage: Moving '../../../../../../00_Project/Project_OM/Project_OM/ProjectOM/Saved/Dunbarton_Auto187DE8B0340A6DF4BDE58D781F0307B86.tmp' to '../../../../../../00_Project/Project_OM/Project_OM/ProjectOM/Saved/Autosaves/Game/Scene/Dunbarton_Auto1.umap'
[2022.01.12-13.26.12:851][522]LogFileHelpers: Editor autosave (incl. sublevels) for '/Game/Scene/Dunbarton' took 2.750
[2022.01.12-13.26.12:851][522]LogFileHelpers: Editor autosave (incl. sublevels) for all levels took 2.750
[2022.01.12-13.33.27:660][ 88]LogTexture: Display: 텍스처 빌드: Battle_A (AutoDXT, 1024X1024)
[2022.01.12-13.33.27:660][ 88]LogStaticMesh: Battle 스태틱 메시 빌드중...
[2022.01.12-13.33.27:696][ 88]LogStaticMesh: Built static mesh [0.04s] /Game/Dunbarton/BG/Battle/FBX/Battle.Battle
[2022.01.12-13.33.27:738][ 88]LogActorFactory: Actor Factory created Battle
[2022.01.12-13.33.28:365][155]LogActorFactory: Actor Factory created Battle
[2022.01.12-13.33.57:643][453]LogActorFactory: Actor Factory created bballetjull_2
[2022.01.12-13.33.58:366][519]LogActorFactory: Actor Factory created bballetjull_2
[2022.01.12-13.33.59:887][694]Cmd: TRANSACTION UNDO
[2022.01.12-13.33.59:887][694]LogEditorTransaction: Undo 액터 스케일
[2022.01.12-13.34.04:990][218]Cmd: DELETE
[2022.01.12-13.34.04:990][218]Cmd: ACTOR DELETE
[2022.01.12-13.34.05:037][218]LogEditorActor: Deleted Actor: StaticMeshActor
[2022.01.12-13.34.05:050][218]LogUObjectHash: Compacting FUObjectHashTables data took   0.83ms
[2022.01.12-13.34.05:053][218]LogEditorActor: Deleted 1 Actors (0.063 secs)
[2022.01.12-13.34.35:691][743]LogTexture: Display: 텍스처 빌드: sch_table_A (AutoDXT, 1024X1024)
[2022.01.12-13.34.35:692][743]LogStaticMesh: sch_table 스태틱 메시 빌드중...
[2022.01.12-13.34.35:711][743]LogStaticMesh: Built static mesh [0.02s] /Game/Dunbarton/BG/Sch_table/FBX/sch_table.sch_table
[2022.01.12-13.34.35:738][743]LogActorFactory: Actor Factory created sch_table
[2022.01.12-13.34.36:425][815]LogActorFactory: Actor Factory created sch_table
[2022.01.12-13.34.57:336][158]LogEditorViewport: Clicking on Actor (LMB): StaticMeshActor (bookstore)
[2022.01.12-13.35.02:690][770]LogEditorViewport: Clicking on Actor (LMB): StaticMeshActor (bookstore)
[2022.01.12-13.35.02:802][781]Cmd: CAMERA ALIGN ACTIVEVIEWPORTONLY
[2022.01.12-13.35.17:502][513]LogEditorViewport: Clicking on Actor (LMB): StaticMeshActor (sch_table)
[2022.01.12-13.35.57:107][836]LogEditorViewport: Clicking on Actor (LMB): StaticMeshActor (bookstore)
[2022.01.12-13.37.15:939][935]LogAssetEditorSubsystem: Opening Asset editor for StaticMesh /Game/Dunbarton/BG/bookstore/fbx/bookstore.bookstore
[2022.01.12-13.37.16:803][935]LogWorld: UWorld::CleanupWorld for World_3, bSessionEnded=true, bCleanupResources=true
[2022.01.12-13.37.16:803][935]LogSlate: InvalidateAllWidgets triggered.  All widgets were invalidated
[2022.01.12-13.37.17:117][936]LogRenderer: Reallocating scene render targets to support 1240x896 Format 10 NumSamples 1 (Frame:1).
[2022.01.12-13.37.21:351][355]LogSlate: Window 'bookstore' being destroyed
[2022.01.12-13.37.21:362][355]LogSlate: Window 'bookstore' being destroyed
[2022.01.12-13.37.21:471][355]LogWorld: UWorld::CleanupWorld for World_4, bSessionEnded=true, bCleanupResources=true
[2022.01.12-13.37.21:471][355]LogSlate: InvalidateAllWidgets triggered.  All widgets were invalidated
[2022.01.12-13.37.24:049][634]Cmd: ACTOR HIDE SELECTED
[2022.01.12-13.37.24:222][652]Cmd: ACTOR HIDE SELECTED
[2022.01.12-13.37.25:075][754]Cmd: TRANSACTION UNDO
[2022.01.12-13.37.25:075][754]LogEditorTransaction: Undo 선택 숨김
[2022.01.12-13.38.01:101][919]Cmd: CAMERA ALIGN ACTIVEVIEWPORTONLY
[2022.01.12-13.38.02:936][114]Cmd: CAMERA ALIGN ACTIVEVIEWPORTONLY
[2022.01.12-13.38.07:546][618]Cmd: TRANSACTION UNDO
[2022.01.12-13.38.07:546][618]LogEditorTransaction: Undo 액터 이동
[2022.01.12-13.38.10:543][915]Cmd: CAMERA ALIGN ACTIVEVIEWPORTONLY
[2022.01.12-13.38.33:136][430]Cmd: TRANSACTION UNDO
[2022.01.12-13.38.33:136][430]LogEditorTransaction: Undo 액터 이동
[2022.01.12-13.38.34:429][532]LogEditorViewport: Clicking on Actor (LMB): StaticMeshActor (bookstore)
[2022.01.12-13.38.36:024][696]Cmd: CAMERA ALIGN ACTIVEVIEWPORTONLY
[2022.01.12-13.38.45:023][701]LogSlate: Took 0.013823 seconds to synchronously load lazily loaded font '../../../Engine/Content/Slate/Fonts/Roboto-Italic.ttf' (157K)
[2022.01.12-13.39.48:448][ 24]Cmd: TRANSACTION UNDO
[2022.01.12-13.39.48:448][ 24]LogEditorTransaction: Undo 액터 클릭
[2022.01.12-13.40.13:072][365]LogUObjectHash: Compacting FUObjectHashTables data took   1.08ms
[2022.01.12-13.40.14:597][365]LogSavePackage: Moving '../../../../../../00_Project/Project_OM/Project_OM/ProjectOM/Saved/Dunbarton_Auto2896237AE40F9274BD3C348A7269B7B07.tmp' to '../../../../../../00_Project/Project_OM/Project_OM/ProjectOM/Saved/Autosaves/Game/Scene/Dunbarton_Auto2.umap'
[2022.01.12-13.40.14:780][365]LogFileHelpers: Editor autosave (incl. sublevels) for '/Game/Scene/Dunbarton' took 1.722
[2022.01.12-13.40.14:780][365]LogFileHelpers: Editor autosave (incl. sublevels) for all levels took 1.722
[2022.01.12-13.40.18:508][668]LogFactory: FactoryCreateFile: StaticMesh with FbxFactory (0 0 D:\00_Project\Project_OM\리소스\서점\fbx\book_01.FBX)
[2022.01.12-13.40.18:699][668]LogFbx: Loading FBX Scene from D:\00_Project\Project_OM\리소스\서점\fbx\book_01.FBX
[2022.01.12-13.40.18:737][668]LogFbx: FBX Scene Loaded Succesfully
[2022.01.12-13.40.20:007][668]LogSlate: Window 'FBX 임포트 옵션' being destroyed
[2022.01.12-13.40.22:892][950]LogFactory: FactoryCreateFile: StaticMesh with FbxFactory (0 0 D:\00_Project\Project_OM\리소스\서점\fbx\book_01.FBX)
[2022.01.12-13.40.22:903][950]LogFbx: Loading FBX Scene from D:\00_Project\Project_OM\리소스\서점\fbx\book_01.FBX
[2022.01.12-13.40.22:910][950]LogFbx: FBX Scene Loaded Succesfully
[2022.01.12-13.40.23:913][950]LogSlate: Window 'FBX 임포트 옵션' being destroyed
[2022.01.12-13.40.23:996][950]LogStaticMesh: book_01 스태틱 메시 빌드중...
[2022.01.12-13.40.24:003][950]LogStaticMesh: Built static mesh [0.01s] /Game/Dunbarton/BG/bookstore/fbx/book_01.book_01
[2022.01.12-13.40.38:291][523]LogActorFactory: Actor Factory created book_01
[2022.01.12-13.40.55:970][499]Cmd: OBJ SAVEPACKAGE PACKAGE="/Game/Scene/Dunbarton" FILE="../../../../../../00_Project/Project_OM/Project_OM/ProjectOM/Content/Scene/Dunbarton.umap" SILENT=true AUTOSAVING=false KEEPDIRTY=false
[2022.01.12-13.40.55:986][499]LogUObjectHash: Compacting FUObjectHashTables data took   0.81ms
[2022.01.12-13.40.57:291][499]LogSavePackage: Moving '../../../../../../00_Project/Project_OM/Project_OM/ProjectOM/Saved/Dunbarton7B51E617412A1C3A0A939F80BE7409D8.tmp' to '../../../../../../00_Project/Project_OM/Project_OM/ProjectOM/Content/Scene/Dunbarton.umap'
[2022.01.12-13.40.57:343][499]Cmd: OBJ SAVEPACKAGE PACKAGE="/Game/Scene/Dunbarton_BuiltData" FILE="../../../../../../00_Project/Project_OM/Project_OM/ProjectOM/Content/Scene/Dunbarton_BuiltData.uasset" SILENT=true
[2022.01.12-13.40.57:367][499]LogSavePackage: Moving '../../../../../../00_Project/Project_OM/Project_OM/ProjectOM/Saved/Dunbarton_BuiltDataF192F9DB41F1F7A703AC1DBC20384FDC.tmp' to '../../../../../../00_Project/Project_OM/Project_OM/ProjectOM/Content/Scene/Dunbarton_BuiltData.uasset'
[2022.01.12-13.40.57:394][499]AssetCheck: New page: 애셋 저장: 애셋이 다수입니다.
[2022.01.12-13.40.57:394][499]LogContentValidation: Display: World /Game/Scene/Dunbarton.Dunbarton 유효성 검사
[2022.01.12-13.40.57:394][499]LogContentValidation: Display: MapBuildDataRegistry /Game/Scene/Dunbarton_BuiltData.Dunbarton_BuiltData 유효성 검사
